Action.c(246): Notify: Parameter Substitution: parameter "seatType" =  "Coach"	[MsgId: MMSG-13992]
Action.c(246): Notify: Parameter Substitution: parameter "seatPref" =  "Window"	[MsgId: MMSG-13992]
Action.c(246): Notify: Parameter Substitution: parameter "outboundFlight" =  "260;586;09/19/2020"	[MsgId: MMSG-13992]
Action.c(246): t=248741ms: 364-byte response headers for "http://localhost:1080/cgi-bin/reservations.pl" (RelFrameId=1, Internal ID=80)
Action.c(246):     HTTP/1.1 200 OK\r\n
Action.c(246):     Date: Sat, 19 Sep 2020 11:33:00 GMT\r\n
Action.c(246):     Server: Apache/2.2.21 (Win32)\r\n
Action.c(246):     Expires: Fri, 18 Sep 2020 11:33:01 GMT\r\n
Action.c(246):     Set-Cookie: MTUserInfo=firstName&jojo3&username&jojo3&address2&&hash&83&address1&&lastName
Action.c(246):     &jojo3%0A; path=/\r\n
Action.c(246):     Keep-Alive: timeout=5, max=90\r\n
Action.c(246):     Connection: Keep-Alive\r\n
Action.c(246):     Transfer-Encoding: chunked\r\n
Action.c(246):     Content-Type: text/html; charset=ISO-8859-1\r\n
Action.c(246):     \r\n
Action.c(246): t=248742ms: 5-byte chunked response overhead for "http://localhost:1080/cgi-bin/reservations.pl" (RelFrameId=1, Internal ID=80)
Action.c(246):     9b9\r\n
Action.c(246): t=248742ms: 2-byte chunked response overhead for "http://localhost:1080/cgi-bin/reservations.pl" (RelFrameId=1, Internal ID=80)
Action.c(246):     \r\n
Action.c(246): t=248743ms: 2489-byte chunked response body for "http://localhost:1080/cgi-bin/reservations.pl" (RelFrameId=1, Internal ID=80)
Action.c(246):     <!DOCTYPE html\n
Action.c(246):     \tPUBLIC "-//W3C//DTD XHTML 1.0 Transitional//EN"\n
Action.c(246):     \t "http://www.w3.org/TR/xhtml1/DTD/xhtml1-transitional.dtd">\n
Action.c(246):     <html xmlns="http://www.w3.org/1999/xhtml" lang="en-US" xml:lang="en-US">\n
Action.c(246):     <head>\n
Action.c(246):     <title>Reservation Made!</title>\n
Action.c(246):     <meta http-equiv="Content-Type" content="text/html; charset=iso-8859-1" />\n
Action.c(246):     </head>\n
Action.c(246):     <body bgcolor="#E0E7F1">\n
Action.c(246):     <style>blockquote {font-family: tahoma; font-size : 10pt}H1 {font-family: tahoma; font-siz
Action.c(246):     e : 22pt; color: #993333}small {font-family: tahoma; font-size : 8pt}H3 {font-family: taho
Action.c(246):     ma; font-size : 10pt; color: black}TD {font-family: tahoma; font-size : 10pt; color: black
Action.c(246):     }</style><BR/><BR/><h1><font color="#003366">&nbsp;&nbsp;<b>Invoice</font></b></h1><blockq
Action.c(246):     uote>\n
Action.c(246):     <CENTER>\n
Action.c(246):     <small><B>Thank you for booking through Web Tours.</B></small>\n
Action.c(246):     <BR/>\n
Action.c(246):     <BR/>\n
Action.c(246):     <!-- Customer Name header -->\n
Action.c(246):     <Table width="85%" border="0" cellspacing="0" >\n
Action.c(246):       <TR bgcolor="#5E7884">\n
Action.c(246):          <TD colspan="2" align="center">\n
Action.c(246):             <font color="white"><b>jojo3jojo3's Flight Invoice</b></font>\n
Action.c(246):          </TD>\n
Action.c(246):          <TD width="160" align="right">\n
Action.c(246):              <font color="white"><small>Sat Sep 19 14:33:01 2020\n
Action.c(246):     </small>\n
Action.c(246):          </TD>\n
Action.c(246):       </TR>\n
Action.c(246):     </Table>\n
Action.c(246):     \n
Action.c(246):     <Table width="85%" border="0" cellspacing="1" >\n
Action.c(246):     <!-- Flight Item header -->\n
Action.c(246):       <TR bgcolor="#EFF2F7">\n
Action.c(246):          <TD colspan="2" align="left">\n
Action.c(246):              Flights Reservation Requests:\n
Action.c(246):         </TD>\n
Action.c(246):         <TD align="center">Cost\n
Action.c(246):         </TD>\n
Action.c(246):       </TR>\n
Action.c(246):     \n
Action.c(246):     <!-- Flight reserved -->\n
Action.c(246):     <TR bgcolor="#EFF2F7">\n
Action.c(246):         <TD valign="top">1.</TD>\n
Action.c(246):         <TD align="left">\n
Action.c(246):            A Coach Class ticket\n
Action.c(246):      from London to San Francisco.</u></b>\n
Action.c(246):     <br/>\n
Action.c(246):     <center>\n
Action.c(246):            <i>\n
Action.c(246):               09/19/2020 :  8am : Flight 260 leaves London  for San Francisco.<br>\n
Action.c(246):            <br/>\n
Action.c(246):         </TD>\n
Action.c(246):         <TD valign="top">\n
Action.c(246):              $586\n
Action.c(246):         </TD>\n
Action.c(246):       </TR>\n
Action.c(246):     <!-- Total Cost -->\n
Action.c(246):       <TR bgcolor="#EFF2F7">\n
Action.c(246):         <TD>*\n
Action.c(246):         </TD>\n
Action.c(246):         <TD > Total Cost\n
Action.c(246):         </TD>\n
Action.c(246):         <TD>\n
Action.c(246):            <b> $586 </b>\n
Action.c(246):         </TD>\n
Action.c(246):       </TR>\n
Action.c(246):     \n
Action.c(246):       <TR bgcolor="#EFF2F7">\n
Action.c(246):         <TD>-\n
Action.c(246):         </TD>\n
Action.c(246):         <TD >\n
Action.c(246):            Total Charged to Credit Card # 134679852023\n
Action.c(246):         </TD>\n
Action.c(246):         <TD>\n
Action.c(246):            <b> $586 </b>\n
Action.c(246):         </TD>\n
Action.c(246):       </TR>\n
Action.c(246):     \n
Action.c(246):       <TR bgcolor="#EFF2F7">\n
Action.c(246):         <TD>*\n
Action.c(246):         </TD>\n
Action.c(246):         <TD >\n
Action.c(246):             Credit Account Balance\n
Action.c(246):         </TD>\n
Action.c(246):         <TD>\n
Action.c(246):            <b> $0.00 </b>\n
Action.c(246):         </TD>\n
Action.c(246):       </TR></Table>\n
Action.c(246):     <BR/>\n
Action.c(246):     <Table width="85%" border="0">\n
Action.c(246):       <tr>\n
Action.c(246):         <td align=right>\n
Action.c(246):     <form method="post" action="" enctype="application/x-www-form-urlencoded">\n
Action.c(246):     <input type="image" name="Book Another" src="/WebTours/images/bookanother.gif" border="0" 
Action.c(246):     /></form>    </td>\n
Action.c(246):       </tr>\n
Action.c(246):     </Table>\n
Action.c(246):     \n
Action.c(246):     </Center>\n
Action.c(246):     \n
Action.c(246):     </body>\n
Action.c(246):     </html>
Action.c(246): Found resource "http://localhost:1080/WebTours/images/bookanother.gif" in HTML "http://localhost:1080/cgi-bin/reservations.pl"  	[MsgId: MMSG-26659]
Action.c(246): t=248755ms: 5-byte chunked response overhead for "http://localhost:1080/cgi-bin/reservations.pl" (RelFrameId=1, Internal ID=80)
Action.c(246):     0\r\n
Action.c(246):     \r\n
Action.c(246): t=248757ms: 298-byte response headers for "http://localhost:1080/WebTours/images/bookanother.gif" (RelFrameId=, Internal ID=81)
Action.c(246):     HTTP/1.1 200 OK\r\n
Action.c(246):     Date: Sat, 19 Sep 2020 11:33:01 GMT\r\n
Action.c(246):     Server: Apache/2.2.21 (Win32)\r\n
Action.c(246):     Last-Modified: Fri, 04 Sep 2020 17:00:04 GMT\r\n
Action.c(246):     ETag: "20000000be230-326-5ae7fccd55432"\r\n
Action.c(246):     Accept-Ranges: bytes\r\n
Action.c(246):     Content-Length: 806\r\n
Action.c(246):     Keep-Alive: timeout=5, max=100\r\n
Action.c(246):     Connection: Keep-Alive\r\n
Action.c(246):     Content-Type: image/gif\r\n
Action.c(246):     \r\n
Action.c(246): t=248759ms: 806-byte response body for "http://localhost:1080/WebTours/images/bookanother.gif" (RelFrameId=, Internal ID=81)
Action.c(246): Registered web_reg_find successful for "Text=Reservation Made!" (count=1)  	[MsgId: MMSG-26364]
Action.c(246): Registered web_reg_find successful for "Text=09/19/2020 :  8am : Flight 260 leaves London  for San Francisco." (count=1)  	[MsgId: MMSG-26364]
Action.c(246): web_submit_data("reservations.pl_3") was successful, 3295 body bytes, 662 header bytes, 12 chunking overhead bytes  	[MsgId: MMSG-26385]
Action.c(355): Notify: Transaction "click_payment" ended with a "Pass" status (Duration: 5,1653 Think Time: 4,9999 Wasted Time: 0,0000).	[MsgId: MMSG-16870]
Action.c(357): Notify: Transaction "logout" started.	[MsgId: MMSG-16999]
Action.c(359): web_add_header("Sec-Fetch-User") started  	[MsgId: MMSG-26355]
Action.c(359): web_add_header("Sec-Fetch-User") was successful  	[MsgId: MMSG-26392]
Action.c(362): web_add_header("Upgrade-Insecure-Requests") started  	[MsgId: MMSG-26355]
Action.c(362): web_add_header("Upgrade-Insecure-Requests") was successful  	[MsgId: MMSG-26392]
Action.c(365): Think time - Waiting 5,00 seconds (according to limit).	[MsgId: MMSG-15946]
Action.c(365): lr_think_time: 5,00 seconds (recorded think time was 33,00 seconds).	[MsgId: MMSG-15947]
Action.c(199): Notify: Transaction "choose_flight" started.	[MsgId: MMSG-16999]
Action.c(201): web_reg_find started  	[MsgId: MMSG-26355]
Action.c(201): Registering web_reg_find was successful  	[MsgId: MMSG-26390]
Action.c(205): web_submit_data("reservations.pl_2") started  	[MsgId: MMSG-26355]
Action.c(205): Notify: Parameter Substitution: parameter "outboundFlight" =  "260;1099;09/19/2020"	[MsgId: MMSG-13992]
Action.c(205): Notify: Parameter Substitution: parameter "numPass" =  "1"	[MsgId: MMSG-13992]
Action.c(205): Notify: Parameter Substitution: parameter "seatType" =  "First"	[MsgId: MMSG-13992]
Action.c(205): Notify: Parameter Substitution: parameter "seatPref" =  "Aisle"	[MsgId: MMSG-13992]
Action.c(205): t=250141ms: 255-byte response headers for "http://localhost:1080/cgi-bin/reservations.pl" (RelFrameId=1, Internal ID=79)
Action.c(205):     HTTP/1.1 200 OK\r\n
Action.c(205):     Date: Sat, 19 Sep 2020 11:33:02 GMT\r\n
Action.c(205):     Server: Apache/2.2.21 (Win32)\r\n
Action.c(205):     Expires: Fri, 18 Sep 2020 11:33:02 GMT\r\n
Action.c(205):     Keep-Alive: timeout=5, max=91\r\n
Action.c(205):     Connection: Keep-Alive\r\n
Action.c(205):     Transfer-Encoding: chunked\r\n
Action.c(205):     Content-Type: text/html; charset=ISO-8859-1\r\n
Action.c(205):     \r\n
Action.c(205): t=250142ms: 5-byte chunked response overhead for "http://localhost:1080/cgi-bin/reservations.pl" (RelFrameId=1, Internal ID=79)
Action.c(205):     a91\r\n
Action.c(205): t=250142ms: 2-byte chunked response overhead for "http://localhost:1080/cgi-bin/reservations.pl" (RelFrameId=1, Internal ID=79)
Action.c(205):     \r\n
Action.c(205): t=250142ms: 2705-byte chunked response body for "http://localhost:1080/cgi-bin/reservations.pl" (RelFrameId=1, Internal ID=79)
Action.c(205):     <!DOCTYPE html\n
Action.c(205):     \tPUBLIC "-//W3C//DTD XHTML 1.0 Transitional//EN"\n
Action.c(205):     \t "http://www.w3.org/TR/xhtml1/DTD/xhtml1-transitional.dtd">\n
Action.c(205):     <html xmlns="http://www.w3.org/1999/xhtml" lang="en-US" xml:lang="en-US">\n
Action.c(205):     <head>\n
Action.c(205):     <title>Flight Reservation</title>\n
Action.c(205):     <meta http-equiv="Content-Type" content="text/html; charset=iso-8859-1" />\n
Action.c(205):     </head>\n
Action.c(205):     <body bgcolor="#E0E7F1">\n
Action.c(205):     <style>blockquote {font-family: tahoma; font-size : 10pt}H1 {font-family: tahoma; font-siz
Action.c(205):     e : 22pt; color: #993333}small {font-family: tahoma; font-size : 8pt}H3 {font-family: taho
Action.c(205):     ma; font-size : 10pt; color: black}TD {font-family: tahoma; font-size : 10pt; color: black
Action.c(205):     }</style><BR/><BR/><h1><font color="#003366">&nbsp;&nbsp;<b>Payment Details</font></b></h1
Action.c(205):     ><blockquote><form method="post" action="reservations.pl" enctype="application/x-www-form-
Action.c(205):     urlencoded" onsubmit="return true ;">\n
Action.c(205):     <table><tr><td align="right">First Name : <td><input type="text" name="firstName" value="j
Action.c(205):     ojo3" size="15" /><tr><td align="right">Last Name : <td><input type="text" name="lastName"
Action.c(205):      value="jojo3&#10;" size="15" /><tr><td align="right">Street Address : <td colspan="3"><in
Action.c(205):     put type="text" name="address1"  size="30" /><tr><td align="right">City/State/Zip : <td co
Action.c(205):     lspan="3"><input type="text" name="address2"  size="30" /><tr><td align="right">Passenger 
Action.c(205):     Names : <td colspan="3"><input type="text" name="pass1" value="jojo3 jojo3&#10;" size="30"
Action.c(205):      /><tr><td height="10"><tr><td height="10" align="center" colspan="4">Total for 1 ticket(s
Action.c(205):     ) is = $ 1099<tr><td align="right">Credit Card : <td><input type="text" name="creditCard" 
Action.c(205):      size="20" maxlength="20" /><td align="right">Exp Date : <td><input type="text" name="expD
Action.c(205):     ate" value="&#10;" size="5" maxlength="5" /><tr><TD><td colspan="3" align="left"><label><i
Action.c(205):     nput type="checkbox" name="saveCC" value="on" />Save this Credit Card Information</label><
Action.c(205):     input type="hidden" name="oldCCOption" value=""  /></table><input type="hidden" name="numP
Action.c(205):     assengers" value="1"  /><input type="hidden" name="seatType" value="First"  /><input type=
Action.c(205):     "hidden" name="seatPref" value="Aisle"  /><input type="hidden" name="outboundFlight" value
Action.c(205):     ="260;1099;09/19/2020"  /><input type="hidden" name="advanceDiscount" value="0"  /><input 
Action.c(205):     type="hidden" name="returnFlight" value=""  /><input type="hidden" name="JSFormSubmit" val
Action.c(205):     ue="off"  /><center><table width=80% cellspacing=1><tr><td align=center>\n
Action.c(205):     <input type="image" name="buyFlights" src="/WebTours/images/button_next.gif" border="0" />
Action.c(205):     <div><input type="hidden" name=".cgifields" value="saveCC"  /></div></form>\n
Action.c(205):     <td>&nbsp;<td align=center><form method="post" action="reservations.pl" enctype="applicati
Action.c(205):     on/x-www-form-urlencoded" onsubmit="void(0);">\n
Action.c(205):     </form></table></center></blockquote>\n
Action.c(205):     </body>\n
Action.c(205):     </html>
Action.c(205): Resource "http://localhost:1080/WebTours/images/button_next.gif" is in the cache already and will not be downloaded again  	[MsgId: MMSG-26655]
Action.c(205): t=250148ms: 5-byte chunked response overhead for "http://localhost:1080/cgi-bin/reservations.pl" (RelFrameId=1, Internal ID=79)
Action.c(205):     0\r\n
Action.c(205):     \r\n
Action.c(205): Registered web_reg_find successful for "Text=Flight Reservation" (count=1)  	[MsgId: MMSG-26364]
Action.c(205): web_submit_data("reservations.pl_2") was successful, 2705 body bytes, 255 header bytes, 12 chunking overhead bytes  	[MsgId: MMSG-26385]
Action.c(222): Notify: Transaction "choose_flight" ended with a "Pass" status (Duration: 0,1448 Wasted Time: 0,0000).	[MsgId: MMSG-16871]
Action.c(224): Notify: Transaction "click_payment" started.	[MsgId: MMSG-16999]
Action.c(226): web_remove_auto_header("Origin") started  	[MsgId: MMSG-26355]
Action.c(226): Previous automatically added web header for "Origin" removed  	[MsgId: MMSG-26587]
Action.c(226): web_remove/revert_auto_header("Origin") was successful  	[MsgId: MMSG-26392]
Action.c(228): web_remove_auto_header("Sec-Fetch-User") started  	[MsgId: MMSG-26355]
Action.c(228): Previous automatically added web header for "Sec-Fetch-User" removed  	[MsgId: MMSG-26587]
Action.c(228): web_remove/revert_auto_header("Sec-Fetch-User") was successful  	[MsgId: MMSG-26392]
Action.c(230): web_remove_auto_header("Upgrade-Insecure-Requests") started  	[MsgId: MMSG-26355]
Action.c(230): Previous automatically added web header for "Upgrade-Insecure-Requests" removed  	[MsgId: MMSG-26587]
Action.c(230): web_remove/revert_auto_header("Upgrade-Insecure-Requests") was successful  	[MsgId: MMSG-26392]
Action.c(232): web_add_header("Origin") started  	[MsgId: MMSG-26355]
Action.c(232): web_add_header("Origin") was successful  	[MsgId: MMSG-26392]
Action.c(235): Think time - Waiting 5,00 seconds (according to limit).	[MsgId: MMSG-15946]
Action.c(235): lr_think_time: 5,00 seconds (recorded think time was 52,00 seconds).	[MsgId: MMSG-15947]
Action.c(237): Notify: Parameter Substitution: parameter "numPass" =  "1"	[MsgId: MMSG-13992]
Action.c(239): web_reg_find started  	[MsgId: MMSG-26355]
Action.c(239): Registering web_reg_find was successful  	[MsgId: MMSG-26390]
Action.c(242): web_reg_find started  	[MsgId: MMSG-26355]
Action.c(242): Notify: Parameter Substitution: parameter "departDate" =  "09/19/2020"	[MsgId: MMSG-13992]
Action.c(242): Notify: Parameter Substitution: parameter "flight_time" =  "8a"	[MsgId: MMSG-13992]
Action.c(242): Notify: Parameter Substitution: parameter "flight_count" =  "260"	[MsgId: MMSG-13992]
Action.c(242): Notify: Parameter Substitution: parameter "depart" =  "London"	[MsgId: MMSG-13992]
Action.c(242): Notify: Next row for parameter arrive = 3 [table  = arrive].	[MsgId: MMSG-13876]
Action.c(242): Notify: Parameter Substitution: parameter "arrive" =  "San Francisco"	[MsgId: MMSG-13992]
Action.c(242): Registering web_reg_find was successful  	[MsgId: MMSG-26390]
Action.c(246): web_submit_data("reservations.pl_3") started  	[MsgId: MMSG-26355]
Action.c(246): Notify: Next row for parameter firstName = 3 [table  = firstName].	[MsgId: MMSG-13876]
Action.c(246): Notify: Parameter Substitution: parameter "firstName" =  "jojo3"	[MsgId: MMSG-13992]
Action.c(246): Notify: Next row for parameter lastName = 3 [table  = lastName].	[MsgId: MMSG-13876]
Action.c(246): Notify: Parameter Substitution: parameter "lastName" =  "jojo3"	[MsgId: MMSG-13992]
Action.c(246): Notify: Next row for parameter address1 = 3 [table  = address1].	[MsgId: MMSG-13876]
Action.c(246): Notify: Parameter Substitution: parameter "address1" =  "Denver"	[MsgId: MMSG-13992]
Action.c(246): Notify: Next row for parameter address2 = 3 [table  = address2].	[MsgId: MMSG-13876]
Action.c(246): Notify: Parameter Substitution: parameter "address2" =  "USA"	[MsgId: MMSG-13992]
Action.c(246): Notify: Next row for parameter pass1 = 3 [table  = pass1].	[MsgId: MMSG-13876]
Action.c(246): Notify: Parameter Substitution: parameter "pass1" =  "jojo3 jojo3"	[MsgId: MMSG-13992]
Action.c(246): Notify: Next row for parameter creditCard = 3 [table  = creditCard].	[MsgId: MMSG-13876]
Action.c(246): Notify: Parameter Substitution: parameter "creditCard" =  "134679852023"	[MsgId: MMSG-13992]
Action.c(246): Notify: Parameter Substitution: parameter "expDate" =  "10/22"	[MsgId: MMSG-13992]
Action.c(246): Notify: Parameter Substitution: parameter "numPass" =  "1"	[MsgId: MMSG-13992]
Action.c(246): Notify: Parameter Substitution: parameter "seatType" =  "First"	[MsgId: MMSG-13992]
Action.c(246): Notify: Parameter Substitution: parameter "seatPref" =  "Aisle"	[MsgId: MMSG-13992]
Action.c(246): Notify: Parameter Substitution: parameter "outboundFlight" =  "260;1099;09/19/2020"	[MsgId: MMSG-13992]
Action.c(367): web_reg_find started  	[MsgId: MMSG-26355]
Action.c(367): Registering web_reg_find was successful  	[MsgId: MMSG-26390]
Action.c(371): web_url("SignOff Button") started  	[MsgId: MMSG-26355]
Action.c(371): t=252063ms: 327-byte response headers for "http://localhost:1080/cgi-bin/welcome.pl?signOff=1" (RelFrameId=1, Internal ID=82)
Action.c(371):     HTTP/1.1 200 OK\r\n
Action.c(371):     Date: Sat, 19 Sep 2020 11:33:04 GMT\r\n
Action.c(371):     Server: Apache/2.2.21 (Win32)\r\n
Action.c(371):     Set-Cookie: MSO=SID&1600515184; path=/\r\n
Action.c(371):     Set-Cookie: MTUserInfo=; path=/; expires=Fri, 18-Sep-2020 11:33:04 GMT\r\n
Action.c(371):     Keep-Alive: timeout=5, max=89\r\n
Action.c(371):     Connection: Keep-Alive\r\n
Action.c(371):     Transfer-Encoding: chunked\r\n
Action.c(371):     Content-Type: text/html; charset=ISO-8859-1\r\n
Action.c(371):     \r\n
Action.c(371): t=252064ms: 5-byte chunked response overhead for "http://localhost:1080/cgi-bin/welcome.pl?signOff=1" (RelFrameId=1, Internal ID=82)
Action.c(371):     2ae\r\n
Action.c(371): t=252064ms: 2-byte chunked response overhead for "http://localhost:1080/cgi-bin/welcome.pl?signOff=1" (RelFrameId=1, Internal ID=82)
Action.c(371):     \r\n
Action.c(371): t=252065ms: 686-byte chunked response body for "http://localhost:1080/cgi-bin/welcome.pl?signOff=1" (RelFrameId=1, Internal ID=82)
Action.c(371):     <!-- \n
Action.c(371):      A Session ID has been created and loaded into a cookie called MSO.\n
Action.c(371):      Also, the server options have been loaded into the cookie called\n
Action.c(371):      MSO as well.  The server options can be set via the Admin page.\n
Action.c(371):      --->\n
Action.c(371):     \n
Action.c(371):     <html>\n
Action.c(371):     <title>Web Tours</title>\n
Action.c(371):        <!-- Frame Set -->\n
Action.c(371):        <frameset cols="160,*" border="1" frameborder="1">\n
Action.c(371):           <!-- Navigation Frame -->\n
Action.c(371):           <frame src="nav.pl?in=home" name="navbar" marginheight="2" marginwidth="2" \n
Action.c(371):                 noresize="noresize" scrolling="auto"/>\n
Action.c(371):           <!-- Home Frame -->\n
Action.c(371):           <frame src="/WebTours/home.html" name="info" marginheight="2" marginwidth="2" \n
Action.c(371):                 noresize="noresize" scrolling="auto"/>\n
Action.c(371):        </frameset>\n
Action.c(371):     </html>\n
Action.c(371):     \n
Action.c(371):     </body>\n
Action.c(371):     </html>
Action.c(371): Detected non-resource "http://localhost:1080/cgi-bin/nav.pl?in=home" in "http://localhost:1080/cgi-bin/welcome.pl?signOff=1"  	[MsgId: MMSG-26574]
Action.c(371): Detected non-resource "http://localhost:1080/WebTours/home.html" in "http://localhost:1080/cgi-bin/welcome.pl?signOff=1"  	[MsgId: MMSG-26574]
Action.c(371): Retrieving data from cache for "http://localhost:1080/WebTours/home.html"  	[MsgId: MMSG-26558]
Action.c(371): t=252068ms: 1361-byte response body retrieved from cache for "http://localhost:1080/WebTours/home.html" (RelFrameId=1.2, Internal ID=84)
Action.c(371):     <HTML>\n
Action.c(371):     <HEAD>\n
Action.c(371):     \t<title>Web Tours</title>\n
Action.c(371):     </HEAD>\n
Action.c(371):     <style>\n
Action.c(371):     \tblockquote {font-family: tahoma; font-size : 10pt}\n
Action.c(371):     \tH1 {font-family: tahoma; font-size : 22pt; color: #003366}\n
Action.c(371):     \tsmall {font-family: tahoma; font-size : 8pt}\n
Action.c(371):     \tH3{font-family: tahoma; font-size : 10pt; color: black}\n
Action.c(371):     \tA {FONT-WEIGHT: bold; FONT-SIZE: 10pt; COLOR: black; FONT-FAMILY: Tahoma; TEXT-DECORATIO
Action.c(371):     N: none}\n
Action.c(371):     \tA:hover{ FONT-WEIGHT: bold; FONT-SIZE: 10pt; COLOR: #993333; FONT-FAMILY: Tahoma;TEXT-DE
Action.c(371):     CORATION: underline}\n
Action.c(371):     \tTD {font-family: tahoma; font-size : 10pt; color: black}\n
Action.c(371):     </style>\n
Action.c(371):     <body bgcolor="#e0e7f1">\n
Action.c(371):     <BR/>\n
Action.c(371):     <BR/>\n
Action.c(371):     <BR/>\n
Action.c(371):     <br/>\n
Action.c(371):     <table border="0">\n
Action.c(371):     <tr><td></td></tr>\n
Action.c(371):     <TR><TD></TD></TR>\n
Action.c(371):     <TR><TD>\n
Action.c(371):     <blockquote>\n
Action.c(371):     <H1><b>Web Tours</b></H1>\n
Action.c(371):     Welcome to the Web Tours site.\n
Action.c(371):     <br/>\n
Action.c(371):     To make reservations,please enter your account information to the left.\n
Action.c(371):     <br/>\n
Action.c(371):     If you haven't registered yet, <A href="/cgi-bin/login.pl?username=&amp;password=&amp;getI
Action.c(371):     nfo=true" ><B>sign up now</B></A> to get access to all our resources.\n
Action.c(371):     <br/>\n
Action.c(371):     To configure the server options, use <A href="/cgi-bin/admin.pl" target="body" ><b>adminis
Action.c(371):     tration</b></A> link.\n
Action.c(371):     <br/><br/><br/><br/><br/><br/>\n
Action.c(371):     <br/><small>\n
Action.c(371):     This product uses parts of the SMT Kernel, Copyright (c) 1991-99 <A href="http://www.imati
Action.c(371):     x.com" target="new"><B><small>iMatix Corporation</small></B></A> \n
Action.c(371):     </small>\n
Action.c(371):     </blockquote></TD>\n
Action.c(371):     <TD></TD></TR>\n
Action.c(371):     </table>\n
Action.c(371):     </body>\n
Action.c(371):     </HTML>\n
Action.c(371): t=252075ms: 5-byte chunked response overhead for "http://localhost:1080/cgi-bin/welcome.pl?signOff=1" (RelFrameId=1, Internal ID=82)
Action.c(371):     0\r\n
Action.c(371):     \r\n
Action.c(246): t=252075ms: 364-byte response headers for "http://localhost:1080/cgi-bin/reservations.pl" (RelFrameId=1, Internal ID=80)
Action.c(246):     HTTP/1.1 200 OK\r\n
Action.c(246):     Date: Sat, 19 Sep 2020 11:33:04 GMT\r\n
Action.c(246):     Server: Apache/2.2.21 (Win32)\r\n
Action.c(246):     Expires: Fri, 18 Sep 2020 11:33:04 GMT\r\n
Action.c(246):     Set-Cookie: MTUserInfo=firstName&jojo3&username&jojo3&address2&&hash&83&address1&&lastName
Action.c(246):     &jojo3%0A; path=/\r\n
Action.c(246):     Keep-Alive: timeout=5, max=90\r\n
Action.c(246):     Connection: Keep-Alive\r\n
Action.c(246):     Transfer-Encoding: chunked\r\n
Action.c(246):     Content-Type: text/html; charset=ISO-8859-1\r\n
Action.c(246):     \r\n
Action.c(246): t=252077ms: 5-byte chunked response overhead for "http://localhost:1080/cgi-bin/reservations.pl" (RelFrameId=1, Internal ID=80)
Action.c(246):     9bc\r\n
Action.c(246): t=252077ms: 2-byte chunked response overhead for "http://localhost:1080/cgi-bin/reservations.pl" (RelFrameId=1, Internal ID=80)
Action.c(246):     \r\n
Action.c(246): t=252077ms: 2492-byte chunked response body for "http://localhost:1080/cgi-bin/reservations.pl" (RelFrameId=1, Internal ID=80)
Action.c(246):     <!DOCTYPE html\n
Action.c(246):     \tPUBLIC "-//W3C//DTD XHTML 1.0 Transitional//EN"\n
Action.c(246):     \t "http://www.w3.org/TR/xhtml1/DTD/xhtml1-transitional.dtd">\n
Action.c(246):     <html xmlns="http://www.w3.org/1999/xhtml" lang="en-US" xml:lang="en-US">\n
Action.c(246):     <head>\n
Action.c(246):     <title>Reservation Made!</title>\n
Action.c(246):     <meta http-equiv="Content-Type" content="text/html; charset=iso-8859-1" />\n
Action.c(246):     </head>\n
Action.c(246):     <body bgcolor="#E0E7F1">\n
Action.c(246):     <style>blockquote {font-family: tahoma; font-size : 10pt}H1 {font-family: tahoma; font-siz
Action.c(246):     e : 22pt; color: #993333}small {font-family: tahoma; font-size : 8pt}H3 {font-family: taho
Action.c(246):     ma; font-size : 10pt; color: black}TD {font-family: tahoma; font-size : 10pt; color: black
Action.c(246):     }</style><BR/><BR/><h1><font color="#003366">&nbsp;&nbsp;<b>Invoice</font></b></h1><blockq
Action.c(246):     uote>\n
Action.c(246):     <CENTER>\n
Action.c(246):     <small><B>Thank you for booking through Web Tours.</B></small>\n
Action.c(246):     <BR/>\n
Action.c(246):     <BR/>\n
Action.c(246):     <!-- Customer Name header -->\n
Action.c(246):     <Table width="85%" border="0" cellspacing="0" >\n
Action.c(246):       <TR bgcolor="#5E7884">\n
Action.c(246):          <TD colspan="2" align="center">\n
Action.c(246):             <font color="white"><b>jojo3jojo3's Flight Invoice</b></font>\n
Action.c(246):          </TD>\n
Action.c(246):          <TD width="160" align="right">\n
Action.c(246):              <font color="white"><small>Sat Sep 19 14:33:04 2020\n
Action.c(246):     </small>\n
Action.c(246):          </TD>\n
Action.c(246):       </TR>\n
Action.c(246):     </Table>\n
Action.c(246):     \n
Action.c(246):     <Table width="85%" border="0" cellspacing="1" >\n
Action.c(246):     <!-- Flight Item header -->\n
Action.c(246):       <TR bgcolor="#EFF2F7">\n
Action.c(246):          <TD colspan="2" align="left">\n
Action.c(246):              Flights Reservation Requests:\n
Action.c(246):         </TD>\n
Action.c(246):         <TD align="center">Cost\n
Action.c(246):         </TD>\n
Action.c(246):       </TR>\n
Action.c(246):     \n
Action.c(246):     <!-- Flight reserved -->\n
Action.c(246):     <TR bgcolor="#EFF2F7">\n
Action.c(246):         <TD valign="top">1.</TD>\n
Action.c(246):         <TD align="left">\n
Action.c(246):            A First Class ticket\n
Action.c(246):      from London to San Francisco.</u></b>\n
Action.c(246):     <br/>\n
Action.c(246):     <center>\n
Action.c(246):            <i>\n
Action.c(246):               09/19/2020 :  8am : Flight 260 leaves London  for San Francisco.<br>\n
Action.c(246):            <br/>\n
Action.c(246):         </TD>\n
Action.c(246):         <TD valign="top">\n
Action.c(246):              $1099\n
Action.c(246):         </TD>\n
Action.c(246):       </TR>\n
Action.c(246):     <!-- Total Cost -->\n
Action.c(246):       <TR bgcolor="#EFF2F7">\n
Action.c(246):         <TD>*\n
Action.c(246):         </TD>\n
Action.c(246):         <TD > Total Cost\n
Action.c(246):         </TD>\n
Action.c(246):         <TD>\n
Action.c(246):            <b> $1099 </b>\n
Action.c(246):         </TD>\n
Action.c(246):       </TR>\n
Action.c(246):     \n
Action.c(246):       <TR bgcolor="#EFF2F7">\n
Action.c(246):         <TD>-\n
Action.c(246):         </TD>\n
Action.c(246):         <TD >\n
Action.c(246):            Total Charged to Credit Card # 134679852023\n
Action.c(246):         </TD>\n
Action.c(246):         <TD>\n
Action.c(246):            <b> $1099 </b>\n
Action.c(246):         </TD>\n
Action.c(246):       </TR>\n
Action.c(246):     \n
Action.c(246):       <TR bgcolor="#EFF2F7">\n
Action.c(246):         <TD>*\n
Action.c(246):         </TD>\n
Action.c(246):         <TD >\n
Action.c(246):             Credit Account Balance\n
Action.c(246):         </TD>\n
Action.c(246):         <TD>\n
Action.c(246):            <b> $0.00 </b>\n
Action.c(246):         </TD>\n
Action.c(246):       </TR></Table>\n
Action.c(246):     <BR/>\n
Action.c(246):     <Table width="85%" border="0">\n
Action.c(246):       <tr>\n
Action.c(246):         <td align=right>\n
Action.c(246):     <form method="post" action="" enctype="application/x-www-form-urlencoded">\n
Action.c(246):     <input type="image" name="Book Another" src="/WebTours/images/bookanother.gif" border="0" 
Action.c(246):     /></form>    </td>\n
Action.c(246):       </tr>\n
Action.c(246):     </Table>\n
Action.c(246):     \n
Action.c(246):     </Center>\n
Action.c(246):     \n
Action.c(246):     </body>\n
Action.c(246):     </html>
Action.c(246): Found resource "http://localhost:1080/WebTours/images/bookanother.gif" in HTML "http://localhost:1080/cgi-bin/reservations.pl"  	[MsgId: MMSG-26659]
Action.c(246): t=252088ms: 5-byte chunked response overhead for "http://localhost:1080/cgi-bin/reservations.pl" (RelFrameId=1, Internal ID=80)
Action.c(246):     0\r\n
Action.c(246):     \r\n
Action.c(246): t=252092ms: 298-byte response headers for "http://localhost:1080/WebTours/images/bookanother.gif" (RelFrameId=, Internal ID=81)
Action.c(246):     HTTP/1.1 200 OK\r\n
Action.c(246):     Date: Sat, 19 Sep 2020 11:33:04 GMT\r\n
Action.c(246):     Server: Apache/2.2.21 (Win32)\r\n
Action.c(246):     Last-Modified: Fri, 04 Sep 2020 17:00:04 GMT\r\n
Action.c(246):     ETag: "20000000be230-326-5ae7fccd55432"\r\n
Action.c(246):     Accept-Ranges: bytes\r\n
Action.c(246):     Content-Length: 806\r\n
Action.c(246):     Keep-Alive: timeout=5, max=100\r\n
Action.c(246):     Connection: Keep-Alive\r\n
Action.c(246):     Content-Type: image/gif\r\n
Action.c(246):     \r\n
Action.c(246): t=252094ms: 806-byte response body for "http://localhost:1080/WebTours/images/bookanother.gif" (RelFrameId=, Internal ID=81)
Action.c(246): Registered web_reg_find successful for "Text=Reservation Made!" (count=1)  	[MsgId: MMSG-26364]
Action.c(246): Registered web_reg_find successful for "Text=09/19/2020 :  8am : Flight 260 leaves London  for San Francisco." (count=1)  	[MsgId: MMSG-26364]
Action.c(246): web_submit_data("reservations.pl_3") was successful, 3298 body bytes, 662 header bytes, 12 chunking overhead bytes  	[MsgId: MMSG-26385]
Action.c(355): Notify: Transaction "click_payment" ended with a "Pass" status (Duration: 5,1747 Think Time: 5,0001 Wasted Time: 0,0000).	[MsgId: MMSG-16870]
Action.c(357): Notify: Transaction "logout" started.	[MsgId: MMSG-16999]
Action.c(359): web_add_header("Sec-Fetch-User") started  	[MsgId: MMSG-26355]
Action.c(359): web_add_header("Sec-Fetch-User") was successful  	[MsgId: MMSG-26392]
Action.c(362): web_add_header("Upgrade-Insecure-Requests") started  	[MsgId: MMSG-26355]
Action.c(362): web_add_header("Upgrade-Insecure-Requests") was successful  	[MsgId: MMSG-26392]
Action.c(365): Think time - Waiting 5,00 seconds (according to limit).	[MsgId: MMSG-15946]
Action.c(365): lr_think_time: 5,00 seconds (recorded think time was 33,00 seconds).	[MsgId: MMSG-15947]
Action.c(371): t=252187ms: 255-byte response headers for "http://localhost:1080/cgi-bin/nav.pl?in=home" (RelFrameId=1.1, Internal ID=83)
Action.c(371):     HTTP/1.1 200 OK\r\n
Action.c(371):     Date: Sat, 19 Sep 2020 11:33:04 GMT\r\n
Action.c(371):     Server: Apache/2.2.21 (Win32)\r\n
Action.c(371):     Expires: Fri, 18 Sep 2020 11:33:04 GMT\r\n
Action.c(371):     Keep-Alive: timeout=5, max=99\r\n
Action.c(371):     Connection: Keep-Alive\r\n
Action.c(371):     Transfer-Encoding: chunked\r\n
Action.c(371):     Content-Type: text/html; charset=ISO-8859-1\r\n
Action.c(371):     \r\n
Action.c(371): t=252189ms: 5-byte chunked response overhead for "http://localhost:1080/cgi-bin/nav.pl?in=home" (RelFrameId=1.1, Internal ID=83)
Action.c(371):     5d0\r\n
Action.c(371): t=252189ms: 2-byte chunked response overhead for "http://localhost:1080/cgi-bin/nav.pl?in=home" (RelFrameId=1.1, Internal ID=83)
Action.c(371):     \r\n
Action.c(371): t=252189ms: 1488-byte chunked response body for "http://localhost:1080/cgi-bin/nav.pl?in=home" (RelFrameId=1.1, Internal ID=83)
Action.c(371):     <!DOCTYPE html\n
Action.c(371):     \tPUBLIC "-//W3C//DTD XHTML 1.0 Transitional//EN"\n
Action.c(371):     \t "http://www.w3.org/TR/xhtml1/DTD/xhtml1-transitional.dtd">\n
Action.c(371):     <html xmlns="http://www.w3.org/1999/xhtml" lang="en-US" xml:lang="en-US">\n
Action.c(371):     <head>\n
Action.c(371):     <title>Web Tours Navigation Bar</title>\n
Action.c(371):     <meta http-equiv="Content-Type" content="text/html; charset=iso-8859-1" />\n
Action.c(371):     </head>\n
Action.c(371):     <body bgcolor="#E0E7F1">\n
Action.c(371):     <style>\n
Action.c(371):     blockquote {font-family: tahoma; font-size : 10pt}\n
Action.c(371):     H1 {font-family: tahoma; font-size : 22pt; color: #993333}\n
Action.c(371):     H3 {font-family: tahoma; font-size : 10pt; color: black}\n
Action.c(371):     small {font-family: tahoma; font-size : 8pt}\n
Action.c(371):     </style>\n
Action.c(371):     <form method="post" action="/cgi-bin/login.pl" target="body">\n
Action.c(371):     <input type="hidden" name="userSession" value="129648.860591333zzziiVDpczzzzzzHtAAVcpiHQz"
Action.c(371):     />\n
Action.c(371):     <table border="0"><tr><td>&nbsp;</td>\n
Action.c(371):     <td>&nbsp;</td></tr>\n
Action.c(371):     <tr><td>&nbsp;</td>\n
Action.c(371):     <td>&nbsp;</td></tr>\n
Action.c(371):     <tr><td>&nbsp;</td>\n
Action.c(371):     <td><small>&nbsp;Username</small></td></tr>\n
Action.c(371):     <tr><td>&nbsp;</td>\n
Action.c(371):     <td><input type="text" name="username" value="" size="14" maxlength="14"/></td></tr>\n
Action.c(371):     <tr><td>&nbsp;</td>\n
Action.c(371):     <td><small>&nbsp;Password</small></td>\n
Action.c(371):     <tr><td>&nbsp;</td>\n
Action.c(371):     <td><input type="password" name="password" value="" size="14" maxlength="14"/></td></tr>\n
Action.c(371):     <tr><td>&nbsp;</td>\n
Action.c(371):     <td>&nbsp;</td></tr>\n
Action.c(371):     <tr><td>&nbsp;</td>\n
Action.c(371):     <td><input type="image" name="login" value="Login" alt="Login" border="1" \n
Action.c(371):     src="/WebTours/images/mer_login.gif"/></td></tr>\n
Action.c(371):     <tr><td>&nbsp;</td><td>&nbsp;</td></tr>\n
Action.c(371):     </table><input type="hidden" name="JSFormSubmit" value="off"/>\n
Action.c(371):     </form>\n
Action.c(371):     \n
Action.c(371):     </body>\n
Action.c(371):     </html>\n
Action.c(371): Resource "http://localhost:1080/WebTours/images/mer_login.gif" is in the cache already and will not be downloaded again  	[MsgId: MMSG-26655]
Action.c(371): t=252195ms: 5-byte chunked response overhead for "http://localhost:1080/cgi-bin/nav.pl?in=home" (RelFrameId=1.1, Internal ID=83)
Action.c(371):     0\r\n
Action.c(371):     \r\n
Action.c(371): Registered web_reg_find successful for "Text=A Session ID has been created and loaded into a cookie called MSO" (count=1)  	[MsgId: MMSG-26364]
Action.c(371): web_url("SignOff Button") was successful, 2174 body bytes, 582 header bytes, 24 chunking overhead bytes  	[MsgId: MMSG-26385]
Action.c(381): Notify: Transaction "logout" ended with a "Pass" status (Duration: 5,2451 Think Time: 5,0004 Wasted Time: 0,0000).	[MsgId: MMSG-16870]
Action.c(383): Notify: Transaction "UC_3_form_ticket" ended with a "Pass" status (Duration: 31,6420 Think Time: 30,0004 Wasted Time: 0,0036).	[MsgId: MMSG-16870]
Ending action Action.	[MsgId: MMSG-15918]
Ending iteration 3.	[MsgId: MMSG-15965]
Waiting 78,3540 seconds for iteration pacing.	[MsgId: MMSG-15996]
Action.c(367): web_reg_find started  	[MsgId: MMSG-26355]
Action.c(367): Registering web_reg_find was successful  	[MsgId: MMSG-26390]
Action.c(371): web_url("SignOff Button") started  	[MsgId: MMSG-26355]
Action.c(371): t=253866ms: 327-byte response headers for "http://localhost:1080/cgi-bin/welcome.pl?signOff=1" (RelFrameId=1, Internal ID=82)
Action.c(371):     HTTP/1.1 200 OK\r\n
Action.c(371):     Date: Sat, 19 Sep 2020 11:33:06 GMT\r\n
Action.c(371):     Server: Apache/2.2.21 (Win32)\r\n
Action.c(371):     Set-Cookie: MSO=SID&1600515186; path=/\r\n
Action.c(371):     Set-Cookie: MTUserInfo=; path=/; expires=Fri, 18-Sep-2020 11:33:06 GMT\r\n
Action.c(371):     Keep-Alive: timeout=5, max=89\r\n
Action.c(371):     Connection: Keep-Alive\r\n
Action.c(371):     Transfer-Encoding: chunked\r\n
Action.c(371):     Content-Type: text/html; charset=ISO-8859-1\r\n
Action.c(371):     \r\n
Action.c(371): t=253867ms: 5-byte chunked response overhead for "http://localhost:1080/cgi-bin/welcome.pl?signOff=1" (RelFrameId=1, Internal ID=82)
Action.c(371):     2ae\r\n
Action.c(371): t=253867ms: 2-byte chunked response overhead for "http://localhost:1080/cgi-bin/welcome.pl?signOff=1" (RelFrameId=1, Internal ID=82)
Action.c(371):     \r\n
Action.c(371): t=253867ms: 686-byte chunked response body for "http://localhost:1080/cgi-bin/welcome.pl?signOff=1" (RelFrameId=1, Internal ID=82)
Action.c(371):     <!-- \n
Action.c(371):      A Session ID has been created and loaded into a cookie called MSO.\n
Action.c(371):      Also, the server options have been loaded into the cookie called\n
Action.c(371):      MSO as well.  The server options can be set via the Admin page.\n
Action.c(371):      --->\n
Action.c(371):     \n
Action.c(371):     <html>\n
Action.c(371):     <title>Web Tours</title>\n
Action.c(371):        <!-- Frame Set -->\n
Action.c(371):        <frameset cols="160,*" border="1" frameborder="1">\n
Action.c(371):           <!-- Navigation Frame -->\n
Action.c(371):           <frame src="nav.pl?in=home" name="navbar" marginheight="2" marginwidth="2" \n
Action.c(371):                 noresize="noresize" scrolling="auto"/>\n
Action.c(371):           <!-- Home Frame -->\n
Action.c(371):           <frame src="/WebTours/home.html" name="info" marginheight="2" marginwidth="2" \n
Action.c(371):                 noresize="noresize" scrolling="auto"/>\n
Action.c(371):        </frameset>\n
Action.c(371):     </html>\n
Action.c(371):     \n
Action.c(371):     </body>\n
Action.c(371):     </html>
Action.c(371): Detected non-resource "http://localhost:1080/cgi-bin/nav.pl?in=home" in "http://localhost:1080/cgi-bin/welcome.pl?signOff=1"  	[MsgId: MMSG-26574]
Action.c(371): Detected non-resource "http://localhost:1080/WebTours/home.html" in "http://localhost:1080/cgi-bin/welcome.pl?signOff=1"  	[MsgId: MMSG-26574]
Action.c(371): Retrieving data from cache for "http://localhost:1080/WebTours/home.html"  	[MsgId: MMSG-26558]
Action.c(371): t=253871ms: 1361-byte response body retrieved from cache for "http://localhost:1080/WebTours/home.html" (RelFrameId=1.2, Internal ID=84)
Action.c(371):     <HTML>\n
Action.c(371):     <HEAD>\n
Action.c(371):     \t<title>Web Tours</title>\n
Action.c(371):     </HEAD>\n
Action.c(371):     <style>\n
Action.c(371):     \tblockquote {font-family: tahoma; font-size : 10pt}\n
Action.c(371):     \tH1 {font-family: tahoma; font-size : 22pt; color: #003366}\n
Action.c(371):     \tsmall {font-family: tahoma; font-size : 8pt}\n
Action.c(371):     \tH3{font-family: tahoma; font-size : 10pt; color: black}\n
Action.c(371):     \tA {FONT-WEIGHT: bold; FONT-SIZE: 10pt; COLOR: black; FONT-FAMILY: Tahoma; TEXT-DECORATIO
Action.c(371):     N: none}\n
Action.c(371):     \tA:hover{ FONT-WEIGHT: bold; FONT-SIZE: 10pt; COLOR: #993333; FONT-FAMILY: Tahoma;TEXT-DE
Action.c(371):     CORATION: underline}\n
Action.c(371):     \tTD {font-family: tahoma; font-size : 10pt; color: black}\n
Action.c(371):     </style>\n
Action.c(371):     <body bgcolor="#e0e7f1">\n
Action.c(371):     <BR/>\n
Action.c(371):     <BR/>\n
Action.c(371):     <BR/>\n
Action.c(371):     <br/>\n
Action.c(371):     <table border="0">\n
Action.c(371):     <tr><td></td></tr>\n
Action.c(371):     <TR><TD></TD></TR>\n
Action.c(371):     <TR><TD>\n
Action.c(371):     <blockquote>\n
Action.c(371):     <H1><b>Web Tours</b></H1>\n
Action.c(371):     Welcome to the Web Tours site.\n
Action.c(371):     <br/>\n
Action.c(371):     To make reservations,please enter your account information to the left.\n
Action.c(371):     <br/>\n
Action.c(371):     If you haven't registered yet, <A href="/cgi-bin/login.pl?username=&amp;password=&amp;getI
Action.c(371):     nfo=true" ><B>sign up now</B></A> to get access to all our resources.\n
Action.c(371):     <br/>\n
Action.c(371):     To configure the server options, use <A href="/cgi-bin/admin.pl" target="body" ><b>adminis
Action.c(371):     tration</b></A> link.\n
Action.c(371):     <br/><br/><br/><br/><br/><br/>\n
Action.c(371):     <br/><small>\n
Action.c(371):     This product uses parts of the SMT Kernel, Copyright (c) 1991-99 <A href="http://www.imati
Action.c(371):     x.com" target="new"><B><small>iMatix Corporation</small></B></A> \n
Action.c(371):     </small>\n
Action.c(371):     </blockquote></TD>\n
Action.c(371):     <TD></TD></TR>\n
Action.c(371):     </table>\n
Action.c(371):     </body>\n
Action.c(371):     </HTML>\n
Action.c(371): t=253876ms: 5-byte chunked response overhead for "http://localhost:1080/cgi-bin/welcome.pl?signOff=1" (RelFrameId=1, Internal ID=82)
Action.c(371):     0\r\n
Action.c(371):     \r\n
Action.c(371): t=253979ms: 255-byte response headers for "http://localhost:1080/cgi-bin/nav.pl?in=home" (RelFrameId=1.1, Internal ID=83)
Action.c(371):     HTTP/1.1 200 OK\r\n
Action.c(371):     Date: Sat, 19 Sep 2020 11:33:06 GMT\r\n
Action.c(371):     Server: Apache/2.2.21 (Win32)\r\n
Action.c(371):     Expires: Fri, 18 Sep 2020 11:33:06 GMT\r\n
Action.c(371):     Keep-Alive: timeout=5, max=99\r\n
Action.c(371):     Connection: Keep-Alive\r\n
Action.c(371):     Transfer-Encoding: chunked\r\n
Action.c(371):     Content-Type: text/html; charset=ISO-8859-1\r\n
Action.c(371):     \r\n
Action.c(371): t=253981ms: 5-byte chunked response overhead for "http://localhost:1080/cgi-bin/nav.pl?in=home" (RelFrameId=1.1, Internal ID=83)
Action.c(371):     5cc\r\n
Action.c(371): t=253981ms: 2-byte chunked response overhead for "http://localhost:1080/cgi-bin/nav.pl?in=home" (RelFrameId=1.1, Internal ID=83)
Action.c(371):     \r\n
Action.c(371): t=253982ms: 1484-byte chunked response body for "http://localhost:1080/cgi-bin/nav.pl?in=home" (RelFrameId=1.1, Internal ID=83)
Action.c(371):     <!DOCTYPE html\n
Action.c(371):     \tPUBLIC "-//W3C//DTD XHTML 1.0 Transitional//EN"\n
Action.c(371):     \t "http://www.w3.org/TR/xhtml1/DTD/xhtml1-transitional.dtd">\n
Action.c(371):     <html xmlns="http://www.w3.org/1999/xhtml" lang="en-US" xml:lang="en-US">\n
Action.c(371):     <head>\n
Action.c(371):     <title>Web Tours Navigation Bar</title>\n
Action.c(371):     <meta http-equiv="Content-Type" content="text/html; charset=iso-8859-1" />\n
Action.c(371):     </head>\n
Action.c(371):     <body bgcolor="#E0E7F1">\n
Action.c(371):     <style>\n
Action.c(371):     blockquote {font-family: tahoma; font-size : 10pt}\n
Action.c(371):     H1 {font-family: tahoma; font-size : 22pt; color: #993333}\n
Action.c(371):     H3 {font-family: tahoma; font-size : 10pt; color: black}\n
Action.c(371):     small {font-family: tahoma; font-size : 8pt}\n
Action.c(371):     </style>\n
Action.c(371):     <form method="post" action="/cgi-bin/login.pl" target="body">\n
Action.c(371):     <input type="hidden" name="userSession" value="129648.860753341zzziiVDpcHftAAVcpiHQzf"/>\n
Action.c(371):     <table border="0"><tr><td>&nbsp;</td>\n
Action.c(371):     <td>&nbsp;</td></tr>\n
Action.c(371):     <tr><td>&nbsp;</td>\n
Action.c(371):     <td>&nbsp;</td></tr>\n
Action.c(371):     <tr><td>&nbsp;</td>\n
Action.c(371):     <td><small>&nbsp;Username</small></td></tr>\n
Action.c(371):     <tr><td>&nbsp;</td>\n
Action.c(371):     <td><input type="text" name="username" value="" size="14" maxlength="14"/></td></tr>\n
Action.c(371):     <tr><td>&nbsp;</td>\n
Action.c(371):     <td><small>&nbsp;Password</small></td>\n
Action.c(371):     <tr><td>&nbsp;</td>\n
Action.c(371):     <td><input type="password" name="password" value="" size="14" maxlength="14"/></td></tr>\n
Action.c(371):     <tr><td>&nbsp;</td>\n
Action.c(371):     <td>&nbsp;</td></tr>\n
Action.c(371):     <tr><td>&nbsp;</td>\n
Action.c(371):     <td><input type="image" name="login" value="Login" alt="Login" border="1" \n
Action.c(371):     src="/WebTours/images/mer_login.gif"/></td></tr>\n
Action.c(371):     <tr><td>&nbsp;</td><td>&nbsp;</td></tr>\n
Action.c(371):     </table><input type="hidden" name="JSFormSubmit" value="off"/>\n
Action.c(371):     </form>\n
Action.c(371):     \n
Action.c(371):     </body>\n
Action.c(371):     </html>\n
Action.c(371): Resource "http://localhost:1080/WebTours/images/mer_login.gif" is in the cache already and will not be downloaded again  	[MsgId: MMSG-26655]
Action.c(371): t=253987ms: 5-byte chunked response overhead for "http://localhost:1080/cgi-bin/nav.pl?in=home" (RelFrameId=1.1, Internal ID=83)
Action.c(371):     0\r\n
Action.c(371):     \r\n
Action.c(371): Registered web_reg_find successful for "Text=A Session ID has been created and loaded into a cookie called MSO" (count=1)  	[MsgId: MMSG-26364]
Action.c(371): web_url("SignOff Button") was successful, 2170 body bytes, 582 header bytes, 24 chunking overhead bytes  	[MsgId: MMSG-26385]
Action.c(381): Notify: Transaction "logout" ended with a "Pass" status (Duration: 5,2282 Think Time: 5,0005 Wasted Time: 0,0000).	[MsgId: MMSG-16870]
Action.c(383): Notify: Transaction "UC_3_form_ticket" ended with a "Pass" status (Duration: 31,5105 Think Time: 30,0003 Wasted Time: 0,0025).	[MsgId: MMSG-16870]
Ending action Action.	[MsgId: MMSG-15918]
Ending iteration 3.	[MsgId: MMSG-15965]
Waiting 78,4850 seconds for iteration pacing.	[MsgId: MMSG-15996]
Action.c(237): Notify: Parameter Substitution: parameter "numPass" =  "1"	[MsgId: MMSG-13992]
Action.c(239): web_reg_find started  	[MsgId: MMSG-26355]
Action.c(239): Registering web_reg_find was successful  	[MsgId: MMSG-26390]
Action.c(242): web_reg_find started  	[MsgId: MMSG-26355]
Action.c(242): Notify: Parameter Substitution: parameter "departDate" =  "09/19/2020"	[MsgId: MMSG-13992]
Action.c(242): Notify: Parameter Substitution: parameter "flight_time" =  "8a"	[MsgId: MMSG-13992]
Action.c(242): Notify: Parameter Substitution: parameter "flight_count" =  "260"	[MsgId: MMSG-13992]
Action.c(242): Notify: Parameter Substitution: parameter "depart" =  "London"	[MsgId: MMSG-13992]
Action.c(242): Notify: Next row for parameter arrive = 3 [table  = arrive].	[MsgId: MMSG-13876]
Action.c(242): Notify: Parameter Substitution: parameter "arrive" =  "San Francisco"	[MsgId: MMSG-13992]
Action.c(242): Registering web_reg_find was successful  	[MsgId: MMSG-26390]
Action.c(246): web_submit_data("reservations.pl_3") started  	[MsgId: MMSG-26355]
Action.c(246): Notify: Next row for parameter firstName = 3 [table  = firstName].	[MsgId: MMSG-13876]
Action.c(246): Notify: Parameter Substitution: parameter "firstName" =  "jojo3"	[MsgId: MMSG-13992]
Action.c(246): Notify: Next row for parameter lastName = 3 [table  = lastName].	[MsgId: MMSG-13876]
Action.c(246): Notify: Parameter Substitution: parameter "lastName" =  "jojo3"	[MsgId: MMSG-13992]
Action.c(246): Notify: Next row for parameter address1 = 3 [table  = address1].	[MsgId: MMSG-13876]
Action.c(246): Notify: Parameter Substitution: parameter "address1" =  "Denver"	[MsgId: MMSG-13992]
Action.c(246): Notify: Next row for parameter address2 = 3 [table  = address2].	[MsgId: MMSG-13876]
Action.c(246): Notify: Parameter Substitution: parameter "address2" =  "USA"	[MsgId: MMSG-13992]
Action.c(246): Notify: Next row for parameter pass1 = 3 [table  = pass1].	[MsgId: MMSG-13876]
Action.c(246): Notify: Parameter Substitution: parameter "pass1" =  "jojo3 jojo3"	[MsgId: MMSG-13992]
Action.c(246): Notify: Next row for parameter creditCard = 3 [table  = creditCard].	[MsgId: MMSG-13876]
Action.c(246): Notify: Parameter Substitution: parameter "creditCard" =  "134679852023"	[MsgId: MMSG-13992]
Action.c(246): Notify: Parameter Substitution: parameter "expDate" =  "10/22"	[MsgId: MMSG-13992]
Action.c(246): Notify: Parameter Substitution: parameter "numPass" =  "1"	[MsgId: MMSG-13992]
Action.c(246): Notify: Parameter Substitution: parameter "seatType" =  "First"	[MsgId: MMSG-13992]
Action.c(246): Notify: Parameter Substitution: parameter "seatPref" =  "Aisle"	[MsgId: MMSG-13992]
Action.c(246): Notify: Parameter Substitution: parameter "outboundFlight" =  "260;1099;09/19/2020"	[MsgId: MMSG-13992]
Action.c(246): t=255291ms: 364-byte response headers for "http://localhost:1080/cgi-bin/reservations.pl" (RelFrameId=1, Internal ID=80)
Action.c(246):     HTTP/1.1 200 OK\r\n
Action.c(246):     Date: Sat, 19 Sep 2020 11:33:07 GMT\r\n
Action.c(246):     Server: Apache/2.2.21 (Win32)\r\n
Action.c(246):     Expires: Fri, 18 Sep 2020 11:33:07 GMT\r\n
Action.c(246):     Set-Cookie: MTUserInfo=firstName&jojo3&username&jojo3&address2&&hash&83&address1&&lastName
Action.c(246):     &jojo3%0A; path=/\r\n
Action.c(246):     Keep-Alive: timeout=5, max=90\r\n
Action.c(246):     Connection: Keep-Alive\r\n
Action.c(246):     Transfer-Encoding: chunked\r\n
Action.c(246):     Content-Type: text/html; charset=ISO-8859-1\r\n
Action.c(246):     \r\n
Action.c(246): t=255292ms: 5-byte chunked response overhead for "http://localhost:1080/cgi-bin/reservations.pl" (RelFrameId=1, Internal ID=80)
Action.c(246):     9bc\r\n
Action.c(246): t=255292ms: 2-byte chunked response overhead for "http://localhost:1080/cgi-bin/reservations.pl" (RelFrameId=1, Internal ID=80)
Action.c(246):     \r\n
Action.c(246): t=255293ms: 2492-byte chunked response body for "http://localhost:1080/cgi-bin/reservations.pl" (RelFrameId=1, Internal ID=80)
Action.c(246):     <!DOCTYPE html\n
Action.c(246):     \tPUBLIC "-//W3C//DTD XHTML 1.0 Transitional//EN"\n
Action.c(246):     \t "http://www.w3.org/TR/xhtml1/DTD/xhtml1-transitional.dtd">\n
Action.c(246):     <html xmlns="http://www.w3.org/1999/xhtml" lang="en-US" xml:lang="en-US">\n
Action.c(246):     <head>\n
Action.c(246):     <title>Reservation Made!</title>\n
Action.c(246):     <meta http-equiv="Content-Type" content="text/html; charset=iso-8859-1" />\n
Action.c(246):     </head>\n
Action.c(246):     <body bgcolor="#E0E7F1">\n
Action.c(246):     <style>blockquote {font-family: tahoma; font-size : 10pt}H1 {font-family: tahoma; font-siz
Action.c(246):     e : 22pt; color: #993333}small {font-family: tahoma; font-size : 8pt}H3 {font-family: taho
Action.c(246):     ma; font-size : 10pt; color: black}TD {font-family: tahoma; font-size : 10pt; color: black
Action.c(246):     }</style><BR/><BR/><h1><font color="#003366">&nbsp;&nbsp;<b>Invoice</font></b></h1><blockq
Action.c(246):     uote>\n
Action.c(246):     <CENTER>\n
Action.c(246):     <small><B>Thank you for booking through Web Tours.</B></small>\n
Action.c(246):     <BR/>\n
Action.c(246):     <BR/>\n
Action.c(246):     <!-- Customer Name header -->\n
Action.c(246):     <Table width="85%" border="0" cellspacing="0" >\n
Action.c(246):       <TR bgcolor="#5E7884">\n
Action.c(246):          <TD colspan="2" align="center">\n
Action.c(246):             <font color="white"><b>jojo3jojo3's Flight Invoice</b></font>\n
Action.c(246):          </TD>\n
Action.c(246):          <TD width="160" align="right">\n
Action.c(246):              <font color="white"><small>Sat Sep 19 14:33:07 2020\n
Action.c(246):     </small>\n
Action.c(246):          </TD>\n
Action.c(246):       </TR>\n
Action.c(246):     </Table>\n
Action.c(246):     \n
Action.c(246):     <Table width="85%" border="0" cellspacing="1" >\n
Action.c(246):     <!-- Flight Item header -->\n
Action.c(246):       <TR bgcolor="#EFF2F7">\n
Action.c(246):          <TD colspan="2" align="left">\n
Action.c(246):              Flights Reservation Requests:\n
Action.c(246):         </TD>\n
Action.c(246):         <TD align="center">Cost\n
Action.c(246):         </TD>\n
Action.c(246):       </TR>\n
Action.c(246):     \n
Action.c(246):     <!-- Flight reserved -->\n
Action.c(246):     <TR bgcolor="#EFF2F7">\n
Action.c(246):         <TD valign="top">1.</TD>\n
Action.c(246):         <TD align="left">\n
Action.c(246):            A First Class ticket\n
Action.c(246):      from London to San Francisco.</u></b>\n
Action.c(246):     <br/>\n
Action.c(246):     <center>\n
Action.c(246):            <i>\n
Action.c(246):               09/19/2020 :  8am : Flight 260 leaves London  for San Francisco.<br>\n
Action.c(246):            <br/>\n
Action.c(246):         </TD>\n
Action.c(246):         <TD valign="top">\n
Action.c(246):              $1099\n
Action.c(246):         </TD>\n
Action.c(246):       </TR>\n
Action.c(246):     <!-- Total Cost -->\n
Action.c(246):       <TR bgcolor="#EFF2F7">\n
Action.c(246):         <TD>*\n
Action.c(246):         </TD>\n
Action.c(246):         <TD > Total Cost\n
Action.c(246):         </TD>\n
Action.c(246):         <TD>\n
Action.c(246):            <b> $1099 </b>\n
Action.c(246):         </TD>\n
Action.c(246):       </TR>\n
Action.c(246):     \n
Action.c(246):       <TR bgcolor="#EFF2F7">\n
Action.c(246):         <TD>-\n
Action.c(246):         </TD>\n
Action.c(246):         <TD >\n
Action.c(246):            Total Charged to Credit Card # 134679852023\n
Action.c(246):         </TD>\n
Action.c(246):         <TD>\n
Action.c(246):            <b> $1099 </b>\n
Action.c(246):         </TD>\n
Action.c(246):       </TR>\n
Action.c(246):     \n
Action.c(246):       <TR bgcolor="#EFF2F7">\n
Action.c(246):         <TD>*\n
Action.c(246):         </TD>\n
Action.c(246):         <TD >\n
Action.c(246):             Credit Account Balance\n
Action.c(246):         </TD>\n
Action.c(246):         <TD>\n
Action.c(246):            <b> $0.00 </b>\n
Action.c(246):         </TD>\n
Action.c(246):       </TR></Table>\n
Action.c(246):     <BR/>\n
Action.c(246):     <Table width="85%" border="0">\n
Action.c(246):       <tr>\n
Action.c(246):         <td align=right>\n
Action.c(246):     <form method="post" action="" enctype="application/x-www-form-urlencoded">\n
Action.c(246):     <input type="image" name="Book Another" src="/WebTours/images/bookanother.gif" border="0" 
Action.c(246):     /></form>    </td>\n
Action.c(246):       </tr>\n
Action.c(246):     </Table>\n
Action.c(246):     \n
Action.c(246):     </Center>\n
Action.c(246):     \n
Action.c(246):     </body>\n
Action.c(246):     </html>
Action.c(246): Found resource "http://localhost:1080/WebTours/images/bookanother.gif" in HTML "http://localhost:1080/cgi-bin/reservations.pl"  	[MsgId: MMSG-26659]
Action.c(246): t=255305ms: 5-byte chunked response overhead for "http://localhost:1080/cgi-bin/reservations.pl" (RelFrameId=1, Internal ID=80)
Action.c(246):     0\r\n
Action.c(246):     \r\n
Action.c(246): t=255308ms: 298-byte response headers for "http://localhost:1080/WebTours/images/bookanother.gif" (RelFrameId=, Internal ID=81)
Action.c(246):     HTTP/1.1 200 OK\r\n
Action.c(246):     Date: Sat, 19 Sep 2020 11:33:07 GMT\r\n
Action.c(246):     Server: Apache/2.2.21 (Win32)\r\n
Action.c(246):     Last-Modified: Fri, 04 Sep 2020 17:00:04 GMT\r\n
Action.c(246):     ETag: "20000000be230-326-5ae7fccd55432"\r\n
Action.c(246):     Accept-Ranges: bytes\r\n
Action.c(246):     Content-Length: 806\r\n
Action.c(246):     Keep-Alive: timeout=5, max=100\r\n
Action.c(246):     Connection: Keep-Alive\r\n
Action.c(246):     Content-Type: image/gif\r\n
Action.c(246):     \r\n
Action.c(246): t=255309ms: 806-byte response body for "http://localhost:1080/WebTours/images/bookanother.gif" (RelFrameId=, Internal ID=81)
Action.c(246): Registered web_reg_find successful for "Text=Reservation Made!" (count=1)  	[MsgId: MMSG-26364]
Action.c(246): Registered web_reg_find successful for "Text=09/19/2020 :  8am : Flight 260 leaves London  for San Francisco." (count=1)  	[MsgId: MMSG-26364]
Action.c(246): web_submit_data("reservations.pl_3") was successful, 3298 body bytes, 662 header bytes, 12 chunking overhead bytes  	[MsgId: MMSG-26385]
Action.c(355): Notify: Transaction "click_payment" ended with a "Pass" status (Duration: 5,1609 Think Time: 5,0003 Wasted Time: 0,0000).	[MsgId: MMSG-16870]
Action.c(357): Notify: Transaction "logout" started.	[MsgId: MMSG-16999]
Action.c(359): web_add_header("Sec-Fetch-User") started  	[MsgId: MMSG-26355]
Action.c(359): web_add_header("Sec-Fetch-User") was successful  	[MsgId: MMSG-26392]
Action.c(362): web_add_header("Upgrade-Insecure-Requests") started  	[MsgId: MMSG-26355]
Action.c(362): web_add_header("Upgrade-Insecure-Requests") was successful  	[MsgId: MMSG-26392]
Action.c(365): Think time - Waiting 5,00 seconds (according to limit).	[MsgId: MMSG-15946]
Action.c(365): lr_think_time: 5,00 seconds (recorded think time was 33,00 seconds).	[MsgId: MMSG-15947]
Action.c(367): web_reg_find started  	[MsgId: MMSG-26355]
Action.c(367): Registering web_reg_find was successful  	[MsgId: MMSG-26390]
Action.c(371): web_url("SignOff Button") started  	[MsgId: MMSG-26355]
Action.c(371): t=257200ms: 327-byte response headers for "http://localhost:1080/cgi-bin/welcome.pl?signOff=1" (RelFrameId=1, Internal ID=82)
Action.c(371):     HTTP/1.1 200 OK\r\n
Action.c(371):     Date: Sat, 19 Sep 2020 11:33:09 GMT\r\n
Action.c(371):     Server: Apache/2.2.21 (Win32)\r\n
Action.c(371):     Set-Cookie: MSO=SID&1600515189; path=/\r\n
Action.c(371):     Set-Cookie: MTUserInfo=; path=/; expires=Fri, 18-Sep-2020 11:33:09 GMT\r\n
Action.c(371):     Keep-Alive: timeout=5, max=89\r\n
Action.c(371):     Connection: Keep-Alive\r\n
Action.c(371):     Transfer-Encoding: chunked\r\n
Action.c(371):     Content-Type: text/html; charset=ISO-8859-1\r\n
Action.c(371):     \r\n
Action.c(371): t=257201ms: 5-byte chunked response overhead for "http://localhost:1080/cgi-bin/welcome.pl?signOff=1" (RelFrameId=1, Internal ID=82)
Action.c(371):     2ae\r\n
Action.c(371): t=257201ms: 2-byte chunked response overhead for "http://localhost:1080/cgi-bin/welcome.pl?signOff=1" (RelFrameId=1, Internal ID=82)
Action.c(371):     \r\n
Action.c(371): t=257202ms: 686-byte chunked response body for "http://localhost:1080/cgi-bin/welcome.pl?signOff=1" (RelFrameId=1, Internal ID=82)
Action.c(371):     <!-- \n
Action.c(371):      A Session ID has been created and loaded into a cookie called MSO.\n
Action.c(371):      Also, the server options have been loaded into the cookie called\n
Action.c(371):      MSO as well.  The server options can be set via the Admin page.\n
Action.c(371):      --->\n
Action.c(371):     \n
Action.c(371):     <html>\n
Action.c(371):     <title>Web Tours</title>\n
Action.c(371):        <!-- Frame Set -->\n
Action.c(371):        <frameset cols="160,*" border="1" frameborder="1">\n
Action.c(371):           <!-- Navigation Frame -->\n
Action.c(371):           <frame src="nav.pl?in=home" name="navbar" marginheight="2" marginwidth="2" \n
Action.c(371):                 noresize="noresize" scrolling="auto"/>\n
Action.c(371):           <!-- Home Frame -->\n
Action.c(371):           <frame src="/WebTours/home.html" name="info" marginheight="2" marginwidth="2" \n
Action.c(371):                 noresize="noresize" scrolling="auto"/>\n
Action.c(371):        </frameset>\n
Action.c(371):     </html>\n
Action.c(371):     \n
Action.c(371):     </body>\n
Action.c(371):     </html>
Action.c(371): Detected non-resource "http://localhost:1080/cgi-bin/nav.pl?in=home" in "http://localhost:1080/cgi-bin/welcome.pl?signOff=1"  	[MsgId: MMSG-26574]
Action.c(371): Detected non-resource "http://localhost:1080/WebTours/home.html" in "http://localhost:1080/cgi-bin/welcome.pl?signOff=1"  	[MsgId: MMSG-26574]
Action.c(371): Retrieving data from cache for "http://localhost:1080/WebTours/home.html"  	[MsgId: MMSG-26558]
Action.c(371): t=257205ms: 1361-byte response body retrieved from cache for "http://localhost:1080/WebTours/home.html" (RelFrameId=1.2, Internal ID=84)
Action.c(371):     <HTML>\n
Action.c(371):     <HEAD>\n
Action.c(371):     \t<title>Web Tours</title>\n
Action.c(371):     </HEAD>\n
Action.c(371):     <style>\n
Action.c(371):     \tblockquote {font-family: tahoma; font-size : 10pt}\n
Action.c(371):     \tH1 {font-family: tahoma; font-size : 22pt; color: #003366}\n
Action.c(371):     \tsmall {font-family: tahoma; font-size : 8pt}\n
Action.c(371):     \tH3{font-family: tahoma; font-size : 10pt; color: black}\n
Action.c(371):     \tA {FONT-WEIGHT: bold; FONT-SIZE: 10pt; COLOR: black; FONT-FAMILY: Tahoma; TEXT-DECORATIO
Action.c(371):     N: none}\n
Action.c(371):     \tA:hover{ FONT-WEIGHT: bold; FONT-SIZE: 10pt; COLOR: #993333; FONT-FAMILY: Tahoma;TEXT-DE
Action.c(371):     CORATION: underline}\n
Action.c(371):     \tTD {font-family: tahoma; font-size : 10pt; color: black}\n
Action.c(371):     </style>\n
Action.c(371):     <body bgcolor="#e0e7f1">\n
Action.c(371):     <BR/>\n
Action.c(371):     <BR/>\n
Action.c(371):     <BR/>\n
Action.c(371):     <br/>\n
Action.c(371):     <table border="0">\n
Action.c(371):     <tr><td></td></tr>\n
Action.c(371):     <TR><TD></TD></TR>\n
Action.c(371):     <TR><TD>\n
Action.c(371):     <blockquote>\n
Action.c(371):     <H1><b>Web Tours</b></H1>\n
Action.c(371):     Welcome to the Web Tours site.\n
Action.c(371):     <br/>\n
Action.c(371):     To make reservations,please enter your account information to the left.\n
Action.c(371):     <br/>\n
Action.c(371):     If you haven't registered yet, <A href="/cgi-bin/login.pl?username=&amp;password=&amp;getI
Action.c(371):     nfo=true" ><B>sign up now</B></A> to get access to all our resources.\n
Action.c(371):     <br/>\n
Action.c(371):     To configure the server options, use <A href="/cgi-bin/admin.pl" target="body" ><b>adminis
Action.c(371):     tration</b></A> link.\n
Action.c(371):     <br/><br/><br/><br/><br/><br/>\n
Action.c(371):     <br/><small>\n
Action.c(371):     This product uses parts of the SMT Kernel, Copyright (c) 1991-99 <A href="http://www.imati
Action.c(371):     x.com" target="new"><B><small>iMatix Corporation</small></B></A> \n
Action.c(371):     </small>\n
Action.c(371):     </blockquote></TD>\n
Action.c(371):     <TD></TD></TR>\n
Action.c(371):     </table>\n
Action.c(371):     </body>\n
Action.c(371):     </HTML>\n
Action.c(371): t=257209ms: 5-byte chunked response overhead for "http://localhost:1080/cgi-bin/welcome.pl?signOff=1" (RelFrameId=1, Internal ID=82)
Action.c(371):     0\r\n
Action.c(371):     \r\n
Action.c(371): t=257316ms: 255-byte response headers for "http://localhost:1080/cgi-bin/nav.pl?in=home" (RelFrameId=1.1, Internal ID=83)
Action.c(371):     HTTP/1.1 200 OK\r\n
Action.c(371):     Date: Sat, 19 Sep 2020 11:33:09 GMT\r\n
Action.c(371):     Server: Apache/2.2.21 (Win32)\r\n
Action.c(371):     Expires: Fri, 18 Sep 2020 11:33:09 GMT\r\n
Action.c(371):     Keep-Alive: timeout=5, max=99\r\n
Action.c(371):     Connection: Keep-Alive\r\n
Action.c(371):     Transfer-Encoding: chunked\r\n
Action.c(371):     Content-Type: text/html; charset=ISO-8859-1\r\n
Action.c(371):     \r\n
Action.c(371): t=257317ms: 5-byte chunked response overhead for "http://localhost:1080/cgi-bin/nav.pl?in=home" (RelFrameId=1.1, Internal ID=83)
Action.c(371):     5ce\r\n
Action.c(371): t=257317ms: 2-byte chunked response overhead for "http://localhost:1080/cgi-bin/nav.pl?in=home" (RelFrameId=1.1, Internal ID=83)
Action.c(371):     \r\n
Action.c(371): t=257317ms: 1486-byte chunked response body for "http://localhost:1080/cgi-bin/nav.pl?in=home" (RelFrameId=1.1, Internal ID=83)
Action.c(371):     <!DOCTYPE html\n
Action.c(371):     \tPUBLIC "-//W3C//DTD XHTML 1.0 Transitional//EN"\n
Action.c(371):     \t "http://www.w3.org/TR/xhtml1/DTD/xhtml1-transitional.dtd">\n
Action.c(371):     <html xmlns="http://www.w3.org/1999/xhtml" lang="en-US" xml:lang="en-US">\n
Action.c(371):     <head>\n
Action.c(371):     <title>Web Tours Navigation Bar</title>\n
Action.c(371):     <meta http-equiv="Content-Type" content="text/html; charset=iso-8859-1" />\n
Action.c(371):     </head>\n
Action.c(371):     <body bgcolor="#E0E7F1">\n
Action.c(371):     <style>\n
Action.c(371):     blockquote {font-family: tahoma; font-size : 10pt}\n
Action.c(371):     H1 {font-family: tahoma; font-size : 22pt; color: #993333}\n
Action.c(371):     H3 {font-family: tahoma; font-size : 10pt; color: black}\n
Action.c(371):     small {font-family: tahoma; font-size : 8pt}\n
Action.c(371):     </style>\n
Action.c(371):     <form method="post" action="/cgi-bin/login.pl" target="body">\n
Action.c(371):     <input type="hidden" name="userSession" value="129648.860996355zzziiVDpciHftAAVcpiHQHcf"/>
Action.c(371):     \n
Action.c(371):     <table border="0"><tr><td>&nbsp;</td>\n
Action.c(371):     <td>&nbsp;</td></tr>\n
Action.c(371):     <tr><td>&nbsp;</td>\n
Action.c(371):     <td>&nbsp;</td></tr>\n
Action.c(371):     <tr><td>&nbsp;</td>\n
Action.c(371):     <td><small>&nbsp;Username</small></td></tr>\n
Action.c(371):     <tr><td>&nbsp;</td>\n
Action.c(371):     <td><input type="text" name="username" value="" size="14" maxlength="14"/></td></tr>\n
Action.c(371):     <tr><td>&nbsp;</td>\n
Action.c(371):     <td><small>&nbsp;Password</small></td>\n
Action.c(371):     <tr><td>&nbsp;</td>\n
Action.c(371):     <td><input type="password" name="password" value="" size="14" maxlength="14"/></td></tr>\n
Action.c(371):     <tr><td>&nbsp;</td>\n
Action.c(371):     <td>&nbsp;</td></tr>\n
Action.c(371):     <tr><td>&nbsp;</td>\n
Action.c(371):     <td><input type="image" name="login" value="Login" alt="Login" border="1" \n
Action.c(371):     src="/WebTours/images/mer_login.gif"/></td></tr>\n
Action.c(371):     <tr><td>&nbsp;</td><td>&nbsp;</td></tr>\n
Action.c(371):     </table><input type="hidden" name="JSFormSubmit" value="off"/>\n
Action.c(371):     </form>\n
Action.c(371):     \n
Action.c(371):     </body>\n
Action.c(371):     </html>\n
Action.c(371): Resource "http://localhost:1080/WebTours/images/mer_login.gif" is in the cache already and will not be downloaded again  	[MsgId: MMSG-26655]
Action.c(371): t=257322ms: 5-byte chunked response overhead for "http://localhost:1080/cgi-bin/nav.pl?in=home" (RelFrameId=1.1, Internal ID=83)
Action.c(371):     0\r\n
Action.c(371):     \r\n
Action.c(371): Registered web_reg_find successful for "Text=A Session ID has been created and loaded into a cookie called MSO" (count=1)  	[MsgId: MMSG-26364]
Action.c(371): web_url("SignOff Button") was successful, 2172 body bytes, 582 header bytes, 24 chunking overhead bytes  	[MsgId: MMSG-26385]
Action.c(381): Notify: Transaction "logout" ended with a "Pass" status (Duration: 5,2289 Think Time: 4,9999 Wasted Time: 0,0000).	[MsgId: MMSG-16870]
Action.c(383): Notify: Transaction "UC_3_form_ticket" ended with a "Pass" status (Duration: 31,6162 Think Time: 30,0099 Wasted Time: 0,0023).	[MsgId: MMSG-16870]
Ending action Action.	[MsgId: MMSG-15918]
Ending iteration 3.	[MsgId: MMSG-15965]
Waiting 78,3790 seconds for iteration pacing.	[MsgId: MMSG-15996]
Action.c(367): web_reg_find started  	[MsgId: MMSG-26355]
Action.c(367): Registering web_reg_find was successful  	[MsgId: MMSG-26390]
Action.c(371): web_url("SignOff Button") started  	[MsgId: MMSG-26355]
Action.c(371): t=260414ms: 327-byte response headers for "http://localhost:1080/cgi-bin/welcome.pl?signOff=1" (RelFrameId=1, Internal ID=82)
Action.c(371):     HTTP/1.1 200 OK\r\n
Action.c(371):     Date: Sat, 19 Sep 2020 11:33:12 GMT\r\n
Action.c(371):     Server: Apache/2.2.21 (Win32)\r\n
Action.c(371):     Set-Cookie: MSO=SID&1600515192; path=/\r\n
Action.c(371):     Set-Cookie: MTUserInfo=; path=/; expires=Fri, 18-Sep-2020 11:33:12 GMT\r\n
Action.c(371):     Keep-Alive: timeout=5, max=89\r\n
Action.c(371):     Connection: Keep-Alive\r\n
Action.c(371):     Transfer-Encoding: chunked\r\n
Action.c(371):     Content-Type: text/html; charset=ISO-8859-1\r\n
Action.c(371):     \r\n
Action.c(371): t=260416ms: 5-byte chunked response overhead for "http://localhost:1080/cgi-bin/welcome.pl?signOff=1" (RelFrameId=1, Internal ID=82)
Action.c(371):     2ae\r\n
Action.c(371): t=260416ms: 2-byte chunked response overhead for "http://localhost:1080/cgi-bin/welcome.pl?signOff=1" (RelFrameId=1, Internal ID=82)
Action.c(371):     \r\n
Action.c(371): t=260416ms: 686-byte chunked response body for "http://localhost:1080/cgi-bin/welcome.pl?signOff=1" (RelFrameId=1, Internal ID=82)
Action.c(371):     <!-- \n
Action.c(371):      A Session ID has been created and loaded into a cookie called MSO.\n
Action.c(371):      Also, the server options have been loaded into the cookie called\n
Action.c(371):      MSO as well.  The server options can be set via the Admin page.\n
Action.c(371):      --->\n
Action.c(371):     \n
Action.c(371):     <html>\n
Action.c(371):     <title>Web Tours</title>\n
Action.c(371):        <!-- Frame Set -->\n
Action.c(371):        <frameset cols="160,*" border="1" frameborder="1">\n
Action.c(371):           <!-- Navigation Frame -->\n
Action.c(371):           <frame src="nav.pl?in=home" name="navbar" marginheight="2" marginwidth="2" \n
Action.c(371):                 noresize="noresize" scrolling="auto"/>\n
Action.c(371):           <!-- Home Frame -->\n
Action.c(371):           <frame src="/WebTours/home.html" name="info" marginheight="2" marginwidth="2" \n
Action.c(371):                 noresize="noresize" scrolling="auto"/>\n
Action.c(371):        </frameset>\n
Action.c(371):     </html>\n
Action.c(371):     \n
Action.c(371):     </body>\n
Action.c(371):     </html>
Action.c(371): Detected non-resource "http://localhost:1080/cgi-bin/nav.pl?in=home" in "http://localhost:1080/cgi-bin/welcome.pl?signOff=1"  	[MsgId: MMSG-26574]
Action.c(371): Detected non-resource "http://localhost:1080/WebTours/home.html" in "http://localhost:1080/cgi-bin/welcome.pl?signOff=1"  	[MsgId: MMSG-26574]
Action.c(371): Retrieving data from cache for "http://localhost:1080/WebTours/home.html"  	[MsgId: MMSG-26558]
Action.c(371): t=260419ms: 1361-byte response body retrieved from cache for "http://localhost:1080/WebTours/home.html" (RelFrameId=1.2, Internal ID=84)
Action.c(371):     <HTML>\n
Action.c(371):     <HEAD>\n
Action.c(371):     \t<title>Web Tours</title>\n
Action.c(371):     </HEAD>\n
Action.c(371):     <style>\n
Action.c(371):     \tblockquote {font-family: tahoma; font-size : 10pt}\n
Action.c(371):     \tH1 {font-family: tahoma; font-size : 22pt; color: #003366}\n
Action.c(371):     \tsmall {font-family: tahoma; font-size : 8pt}\n
Action.c(371):     \tH3{font-family: tahoma; font-size : 10pt; color: black}\n
Action.c(371):     \tA {FONT-WEIGHT: bold; FONT-SIZE: 10pt; COLOR: black; FONT-FAMILY: Tahoma; TEXT-DECORATIO
Action.c(371):     N: none}\n
Action.c(371):     \tA:hover{ FONT-WEIGHT: bold; FONT-SIZE: 10pt; COLOR: #993333; FONT-FAMILY: Tahoma;TEXT-DE
Action.c(371):     CORATION: underline}\n
Action.c(371):     \tTD {font-family: tahoma; font-size : 10pt; color: black}\n
Action.c(371):     </style>\n
Action.c(371):     <body bgcolor="#e0e7f1">\n
Action.c(371):     <BR/>\n
Action.c(371):     <BR/>\n
Action.c(371):     <BR/>\n
Action.c(371):     <br/>\n
Action.c(371):     <table border="0">\n
Action.c(371):     <tr><td></td></tr>\n
Action.c(371):     <TR><TD></TD></TR>\n
Action.c(371):     <TR><TD>\n
Action.c(371):     <blockquote>\n
Action.c(371):     <H1><b>Web Tours</b></H1>\n
Action.c(371):     Welcome to the Web Tours site.\n
Action.c(371):     <br/>\n
Action.c(371):     To make reservations,please enter your account information to the left.\n
Action.c(371):     <br/>\n
Action.c(371):     If you haven't registered yet, <A href="/cgi-bin/login.pl?username=&amp;password=&amp;getI
Action.c(371):     nfo=true" ><B>sign up now</B></A> to get access to all our resources.\n
Action.c(371):     <br/>\n
Action.c(371):     To configure the server options, use <A href="/cgi-bin/admin.pl" target="body" ><b>adminis
Action.c(371):     tration</b></A> link.\n
Action.c(371):     <br/><br/><br/><br/><br/><br/>\n
Action.c(371):     <br/><small>\n
Action.c(371):     This product uses parts of the SMT Kernel, Copyright (c) 1991-99 <A href="http://www.imati
Action.c(371):     x.com" target="new"><B><small>iMatix Corporation</small></B></A> \n
Action.c(371):     </small>\n
Action.c(371):     </blockquote></TD>\n
Action.c(371):     <TD></TD></TR>\n
Action.c(371):     </table>\n
Action.c(371):     </body>\n
Action.c(371):     </HTML>\n
Action.c(371): t=260425ms: 5-byte chunked response overhead for "http://localhost:1080/cgi-bin/welcome.pl?signOff=1" (RelFrameId=1, Internal ID=82)
Action.c(371):     0\r\n
Action.c(371):     \r\n
Action.c(371): t=260527ms: 255-byte response headers for "http://localhost:1080/cgi-bin/nav.pl?in=home" (RelFrameId=1.1, Internal ID=83)
Action.c(371):     HTTP/1.1 200 OK\r\n
Action.c(371):     Date: Sat, 19 Sep 2020 11:33:12 GMT\r\n
Action.c(371):     Server: Apache/2.2.21 (Win32)\r\n
Action.c(371):     Expires: Fri, 18 Sep 2020 11:33:12 GMT\r\n
Action.c(371):     Keep-Alive: timeout=5, max=99\r\n
Action.c(371):     Connection: Keep-Alive\r\n
Action.c(371):     Transfer-Encoding: chunked\r\n
Action.c(371):     Content-Type: text/html; charset=ISO-8859-1\r\n
Action.c(371):     \r\n
Action.c(371): t=260528ms: 5-byte chunked response overhead for "http://localhost:1080/cgi-bin/nav.pl?in=home" (RelFrameId=1.1, Internal ID=83)
Action.c(371):     5c9\r\n
Action.c(371): t=260529ms: 2-byte chunked response overhead for "http://localhost:1080/cgi-bin/nav.pl?in=home" (RelFrameId=1.1, Internal ID=83)
Action.c(371):     \r\n
Action.c(371): t=260529ms: 1481-byte chunked response body for "http://localhost:1080/cgi-bin/nav.pl?in=home" (RelFrameId=1.1, Internal ID=83)
Action.c(371):     <!DOCTYPE html\n
Action.c(371):     \tPUBLIC "-//W3C//DTD XHTML 1.0 Transitional//EN"\n
Action.c(371):     \t "http://www.w3.org/TR/xhtml1/DTD/xhtml1-transitional.dtd">\n
Action.c(371):     <html xmlns="http://www.w3.org/1999/xhtml" lang="en-US" xml:lang="en-US">\n
Action.c(371):     <head>\n
Action.c(371):     <title>Web Tours Navigation Bar</title>\n
Action.c(371):     <meta http-equiv="Content-Type" content="text/html; charset=iso-8859-1" />\n
Action.c(371):     </head>\n
Action.c(371):     <body bgcolor="#E0E7F1">\n
Action.c(371):     <style>\n
Action.c(371):     blockquote {font-family: tahoma; font-size : 10pt}\n
Action.c(371):     H1 {font-family: tahoma; font-size : 22pt; color: #993333}\n
Action.c(371):     H3 {font-family: tahoma; font-size : 10pt; color: black}\n
Action.c(371):     small {font-family: tahoma; font-size : 8pt}\n
Action.c(371):     </style>\n
Action.c(371):     <form method="post" action="/cgi-bin/login.pl" target="body">\n
Action.c(371):     <input type="hidden" name="userSession" value="129648.861239368zzziiVDpDtAAVcpiHQi"/>\n
Action.c(371):     <table border="0"><tr><td>&nbsp;</td>\n
Action.c(371):     <td>&nbsp;</td></tr>\n
Action.c(371):     <tr><td>&nbsp;</td>\n
Action.c(371):     <td>&nbsp;</td></tr>\n
Action.c(371):     <tr><td>&nbsp;</td>\n
Action.c(371):     <td><small>&nbsp;Username</small></td></tr>\n
Action.c(371):     <tr><td>&nbsp;</td>\n
Action.c(371):     <td><input type="text" name="username" value="" size="14" maxlength="14"/></td></tr>\n
Action.c(371):     <tr><td>&nbsp;</td>\n
Action.c(371):     <td><small>&nbsp;Password</small></td>\n
Action.c(371):     <tr><td>&nbsp;</td>\n
Action.c(371):     <td><input type="password" name="password" value="" size="14" maxlength="14"/></td></tr>\n
Action.c(371):     <tr><td>&nbsp;</td>\n
Action.c(371):     <td>&nbsp;</td></tr>\n
Action.c(371):     <tr><td>&nbsp;</td>\n
Action.c(371):     <td><input type="image" name="login" value="Login" alt="Login" border="1" \n
Action.c(371):     src="/WebTours/images/mer_login.gif"/></td></tr>\n
Action.c(371):     <tr><td>&nbsp;</td><td>&nbsp;</td></tr>\n
Action.c(371):     </table><input type="hidden" name="JSFormSubmit" value="off"/>\n
Action.c(371):     </form>\n
Action.c(371):     \n
Action.c(371):     </body>\n
Action.c(371):     </html>\n
Action.c(371): Resource "http://localhost:1080/WebTours/images/mer_login.gif" is in the cache already and will not be downloaded again  	[MsgId: MMSG-26655]
Action.c(371): t=260535ms: 5-byte chunked response overhead for "http://localhost:1080/cgi-bin/nav.pl?in=home" (RelFrameId=1.1, Internal ID=83)
Action.c(371):     0\r\n
Action.c(371):     \r\n
Action.c(371): Registered web_reg_find successful for "Text=A Session ID has been created and loaded into a cookie called MSO" (count=1)  	[MsgId: MMSG-26364]
Action.c(371): web_url("SignOff Button") was successful, 2167 body bytes, 582 header bytes, 24 chunking overhead bytes  	[MsgId: MMSG-26385]
Action.c(381): Notify: Transaction "logout" ended with a "Pass" status (Duration: 5,2252 Think Time: 5,0001 Wasted Time: 0,0005).	[MsgId: MMSG-16870]
Action.c(383): Notify: Transaction "UC_3_form_ticket" ended with a "Pass" status (Duration: 31,4947 Think Time: 30,0011 Wasted Time: 0,0025).	[MsgId: MMSG-16870]
Ending action Action.	[MsgId: MMSG-15918]
Ending iteration 3.	[MsgId: MMSG-15965]
Waiting 78,4990 seconds for iteration pacing.	[MsgId: MMSG-15996]
Action was aborted.	[MsgId: MMSG-10694]
Action was aborted.	[MsgId: MMSG-10694]
Ending Vuser...	[MsgId: MMSG-15966]
Ending Vuser...	[MsgId: MMSG-15966]
Starting action vuser_end.	[MsgId: MMSG-15919]
Starting action vuser_end.	[MsgId: MMSG-15919]
Ending action vuser_end.	[MsgId: MMSG-15918]
Ending action vuser_end.	[MsgId: MMSG-15918]
Vuser Terminated.	[MsgId: MMSG-15963]
Vuser Terminated.	[MsgId: MMSG-15963]
Action was aborted.	[MsgId: MMSG-10694]
Ending Vuser...	[MsgId: MMSG-15966]
Starting action vuser_end.	[MsgId: MMSG-15919]
Ending action vuser_end.	[MsgId: MMSG-15918]
Vuser Terminated.	[MsgId: MMSG-15963]
Action was aborted.	[MsgId: MMSG-10694]
Ending Vuser...	[MsgId: MMSG-15966]
Starting action vuser_end.	[MsgId: MMSG-15919]
Ending action vuser_end.	[MsgId: MMSG-15918]
Vuser Terminated.	[MsgId: MMSG-15963]
Vuser 2 (thread 1960), ended OK."	[MsgId: MMSG-10695]
Vuser 3 (thread 3220), ended OK."	[MsgId: MMSG-10695]
Vuser 1 (thread 5472), ended OK."	[MsgId: MMSG-10695]
Vuser 0 (thread 6832), ended OK."	[MsgId: MMSG-10695]
