Virtual User Script started at: 19.09.2020 14:26:04	[MsgId: MMSG-15967]
Starting action vuser_init.	[MsgId: MMSG-15919]
Web Turbo Replay of LoadRunner 12.55.0 for Windows 7; build 911 (июл 24 2017 19:46:00)  	[MsgId: MMSG-26983]
Run mode: HTML  	[MsgId: MMSG-26993]
Replay user agent: Mozilla/5.0 (Windows NT 6.1; Win64; x64) AppleWebKit/537.36 (KHTML, like Gecko) Chrome/85.0.4183.102 Safari/537.36  	[MsgId: MMSG-26988]
Run-Time Settings file: "C:\Users\Администратор\AppData\Local\Temp\lr5tmpdirBol.744\lrcfgA6Z.745\cfgTLX.764"  	[MsgId: MMSG-27141]
Ending action vuser_init.	[MsgId: MMSG-15918]
Running Vuser...	[MsgId: MMSG-15964]
Starting iteration 1.	[MsgId: MMSG-15968]
Maximum number of concurrent connections per server: 6  	[MsgId: MMSG-26989]
Starting action Action.	[MsgId: MMSG-15919]
Action.c(4): Notify: Transaction "UC_5_from2_ticket" started.	[MsgId: MMSG-16999]
Action.c(6): Notify: Transaction "Gotosite" started.	[MsgId: MMSG-16999]
Action.c(8): web_add_auto_header("Sec-Fetch-Site") started  	[MsgId: MMSG-26355]
Action.c(8): web_add_auto_header("Sec-Fetch-Site") was successful  	[MsgId: MMSG-26392]
Action.c(11): web_add_auto_header("Sec-Fetch-Dest") started  	[MsgId: MMSG-26355]
Action.c(11): web_add_auto_header("Sec-Fetch-Dest") was successful  	[MsgId: MMSG-26392]
Action.c(14): web_add_auto_header("Sec-Fetch-Mode") started  	[MsgId: MMSG-26355]
Action.c(14): web_add_auto_header("Sec-Fetch-Mode") was successful  	[MsgId: MMSG-26392]
Action.c(17): web_add_auto_header("Sec-Fetch-User") started  	[MsgId: MMSG-26355]
Action.c(17): web_add_auto_header("Sec-Fetch-User") was successful  	[MsgId: MMSG-26392]
Action.c(20): web_add_auto_header("Upgrade-Insecure-Requests") started  	[MsgId: MMSG-26355]
Action.c(20): web_add_auto_header("Upgrade-Insecure-Requests") was successful  	[MsgId: MMSG-26392]
Action.c(39): web_reg_save_param started  	[MsgId: MMSG-26355]
Action.c(39): Registering web_reg_save_param was successful  	[MsgId: MMSG-26390]
Action.c(45): web_reg_find started  	[MsgId: MMSG-26355]
Action.c(45): Registering web_reg_find was successful  	[MsgId: MMSG-26390]
Action.c(49): web_url("WebTours") started  	[MsgId: MMSG-26355]
Action.c(49): Error -27792: Failed to connect to server "localhost:1080": [10061] Connection refused  	[MsgId: MERR-27792]
Action.c(49): Error -26377: No match found for the requested parameter "userSession". Either the specified boundaries were not found in the response or the matched text is longer than current max html parameter size of 256 bytes. The total length of the response is 0 bytes. You can use "web_set_max_html_param_len" to increase the max parameter size.  	[MsgId: MERR-26377]
Action.c(49): Notify: Saving Parameter "userSession = ".	[MsgId: MMSG-13798]
Action.c(49): Error -26366: "Text=A Session ID has been created and loaded into a cookie called MSO" not found for web_reg_find  	[MsgId: MERR-26366]
Action.c(49): Error -26374: The above "not found" error(s) may be explained by header and body byte counts being 0 and 0, respectively.  	[MsgId: MERR-26374]
Action.c(49): web_url("WebTours") highest severity level was "ERROR", 0 body bytes, 0 header bytes  	[MsgId: MMSG-26388]
Action.c(49): Notify: Transaction "Gotosite" ended with a "Fail" status (Duration: 1,0099).	[MsgId: MMSG-16873]
Action.c(49): Notify: Transaction "Gotosite" has 4 error message(s).	[MsgId: MMSG-16818]
Action.c(49): Notify: The 1st error message associated with transaction "Gotosite" is "Error -27792: Failed to connect to server "localhost:1080": [10061] Connection refused"	[MsgId: MMSG-16819]
Action.c(49): Notify: The 2nd error message associated with transaction "Gotosite" is "Error -26377: No match found for the requested parameter "userSession". Either the specified boundaries were not found in the response or the matched text is longer than current max html parameter size of 256 bytes. The total length of the response is 0 bytes. You can use "web_set_max_html_param_len" to increase the max parameter size."	[MsgId: MMSG-16819]
Action.c(49): Notify: The 3rd error message associated with transaction "Gotosite" is "Error -26366: "Text=A Session ID has been created and loaded into a cookie called MSO" not found for web_reg_find"	[MsgId: MMSG-16819]
Action.c(49): Notify: The 4th error message associated with transaction "Gotosite" is "Error -26374: The above "not found" error(s) may be explained by header and body byte counts being 0 and 0, respectively."	[MsgId: MMSG-16819]
Action.c(49): Notify: Transaction "UC_5_from2_ticket" ended with a "Fail" status (Duration: 1,0099).	[MsgId: MMSG-16873]
Action.c(49): Notify: Transaction "UC_5_from2_ticket" has 4 error message(s).	[MsgId: MMSG-16818]
Action.c(49): Notify: The 1st error message associated with transaction "UC_5_from2_ticket" is "Error -27792: Failed to connect to server "localhost:1080": [10061] Connection refused"	[MsgId: MMSG-16819]
Action.c(49): Notify: The 2nd error message associated with transaction "UC_5_from2_ticket" is "Error -26377: No match found for the requested parameter "userSession". Either the specified boundaries were not found in the response or the matched text is longer than current max html parameter size of 256 bytes. The total length of the response is 0 bytes. You can use "web_set_max_html_param_len" to increase the max parameter size."	[MsgId: MMSG-16819]
Action.c(49): Notify: The 3rd error message associated with transaction "UC_5_from2_ticket" is "Error -26366: "Text=A Session ID has been created and loaded into a cookie called MSO" not found for web_reg_find"	[MsgId: MMSG-16819]
Action.c(49): Notify: The 4th error message associated with transaction "UC_5_from2_ticket" is "Error -26374: The above "not found" error(s) may be explained by header and body byte counts being 0 and 0, respectively."	[MsgId: MMSG-16819]
Ending action Action.	[MsgId: MMSG-15918]
Ending iteration 1.	[MsgId: MMSG-15965]
Waiting 148,9880 seconds for iteration pacing.	[MsgId: MMSG-15996]
Virtual User Script started at: 19.09.2020 14:26:09	[MsgId: MMSG-15967]
Starting action vuser_init.	[MsgId: MMSG-15919]
Web Turbo Replay of LoadRunner 12.55.0 for Windows 7; build 911 (июл 24 2017 19:46:00)  	[MsgId: MMSG-26983]
Run mode: HTML  	[MsgId: MMSG-26993]
Replay user agent: Mozilla/5.0 (Windows NT 6.1; Win64; x64) AppleWebKit/537.36 (KHTML, like Gecko) Chrome/85.0.4183.102 Safari/537.36  	[MsgId: MMSG-26988]
Run-Time Settings file: "C:\Users\Администратор\AppData\Local\Temp\lr5tmpdirBol.744\lrcfgA6Z.745\cfgTLX.764"  	[MsgId: MMSG-27141]
Ending action vuser_init.	[MsgId: MMSG-15918]
Running Vuser...	[MsgId: MMSG-15964]
Starting iteration 1.	[MsgId: MMSG-15968]
Maximum number of concurrent connections per server: 6  	[MsgId: MMSG-26989]
Starting action Action.	[MsgId: MMSG-15919]
Action.c(4): Notify: Transaction "UC_5_from2_ticket" started.	[MsgId: MMSG-16999]
Action.c(6): Notify: Transaction "Gotosite" started.	[MsgId: MMSG-16999]
Action.c(8): web_add_auto_header("Sec-Fetch-Site") started  	[MsgId: MMSG-26355]
Action.c(8): web_add_auto_header("Sec-Fetch-Site") was successful  	[MsgId: MMSG-26392]
Action.c(11): web_add_auto_header("Sec-Fetch-Dest") started  	[MsgId: MMSG-26355]
Action.c(11): web_add_auto_header("Sec-Fetch-Dest") was successful  	[MsgId: MMSG-26392]
Action.c(14): web_add_auto_header("Sec-Fetch-Mode") started  	[MsgId: MMSG-26355]
Action.c(14): web_add_auto_header("Sec-Fetch-Mode") was successful  	[MsgId: MMSG-26392]
Action.c(17): web_add_auto_header("Sec-Fetch-User") started  	[MsgId: MMSG-26355]
Action.c(17): web_add_auto_header("Sec-Fetch-User") was successful  	[MsgId: MMSG-26392]
Action.c(20): web_add_auto_header("Upgrade-Insecure-Requests") started  	[MsgId: MMSG-26355]
Action.c(20): web_add_auto_header("Upgrade-Insecure-Requests") was successful  	[MsgId: MMSG-26392]
Action.c(39): web_reg_save_param started  	[MsgId: MMSG-26355]
Action.c(39): Registering web_reg_save_param was successful  	[MsgId: MMSG-26390]
Action.c(45): web_reg_find started  	[MsgId: MMSG-26355]
Action.c(45): Registering web_reg_find was successful  	[MsgId: MMSG-26390]
Action.c(49): web_url("WebTours") started  	[MsgId: MMSG-26355]
Action.c(49): Error -27792: Failed to connect to server "localhost:1080": [10061] Connection refused  	[MsgId: MERR-27792]
Action.c(49): Error -26377: No match found for the requested parameter "userSession". Either the specified boundaries were not found in the response or the matched text is longer than current max html parameter size of 256 bytes. The total length of the response is 0 bytes. You can use "web_set_max_html_param_len" to increase the max parameter size.  	[MsgId: MERR-26377]
Action.c(49): Notify: Saving Parameter "userSession = ".	[MsgId: MMSG-13798]
Action.c(49): Error -26366: "Text=A Session ID has been created and loaded into a cookie called MSO" not found for web_reg_find  	[MsgId: MERR-26366]
Action.c(49): Error -26374: The above "not found" error(s) may be explained by header and body byte counts being 0 and 0, respectively.  	[MsgId: MERR-26374]
Action.c(49): web_url("WebTours") highest severity level was "ERROR", 0 body bytes, 0 header bytes  	[MsgId: MMSG-26388]
Action.c(49): Notify: Transaction "Gotosite" ended with a "Fail" status (Duration: 1,0062).	[MsgId: MMSG-16873]
Action.c(49): Notify: Transaction "Gotosite" has 4 error message(s).	[MsgId: MMSG-16818]
Action.c(49): Notify: The 1st error message associated with transaction "Gotosite" is "Error -27792: Failed to connect to server "localhost:1080": [10061] Connection refused"	[MsgId: MMSG-16819]
Action.c(49): Notify: The 2nd error message associated with transaction "Gotosite" is "Error -26377: No match found for the requested parameter "userSession". Either the specified boundaries were not found in the response or the matched text is longer than current max html parameter size of 256 bytes. The total length of the response is 0 bytes. You can use "web_set_max_html_param_len" to increase the max parameter size."	[MsgId: MMSG-16819]
Action.c(49): Notify: The 3rd error message associated with transaction "Gotosite" is "Error -26366: "Text=A Session ID has been created and loaded into a cookie called MSO" not found for web_reg_find"	[MsgId: MMSG-16819]
Action.c(49): Notify: The 4th error message associated with transaction "Gotosite" is "Error -26374: The above "not found" error(s) may be explained by header and body byte counts being 0 and 0, respectively."	[MsgId: MMSG-16819]
Action.c(49): Notify: Transaction "UC_5_from2_ticket" ended with a "Fail" status (Duration: 1,0062).	[MsgId: MMSG-16873]
Action.c(49): Notify: Transaction "UC_5_from2_ticket" has 4 error message(s).	[MsgId: MMSG-16818]
Action.c(49): Notify: The 1st error message associated with transaction "UC_5_from2_ticket" is "Error -27792: Failed to connect to server "localhost:1080": [10061] Connection refused"	[MsgId: MMSG-16819]
Action.c(49): Notify: The 2nd error message associated with transaction "UC_5_from2_ticket" is "Error -26377: No match found for the requested parameter "userSession". Either the specified boundaries were not found in the response or the matched text is longer than current max html parameter size of 256 bytes. The total length of the response is 0 bytes. You can use "web_set_max_html_param_len" to increase the max parameter size."	[MsgId: MMSG-16819]
Action.c(49): Notify: The 3rd error message associated with transaction "UC_5_from2_ticket" is "Error -26366: "Text=A Session ID has been created and loaded into a cookie called MSO" not found for web_reg_find"	[MsgId: MMSG-16819]
Action.c(49): Notify: The 4th error message associated with transaction "UC_5_from2_ticket" is "Error -26374: The above "not found" error(s) may be explained by header and body byte counts being 0 and 0, respectively."	[MsgId: MMSG-16819]
Ending action Action.	[MsgId: MMSG-15918]
Ending iteration 1.	[MsgId: MMSG-15965]
Waiting 148,9910 seconds for iteration pacing.	[MsgId: MMSG-15996]
Action was aborted.	[MsgId: MMSG-10694]
Ending Vuser...	[MsgId: MMSG-15966]
Starting action vuser_end.	[MsgId: MMSG-15919]
Action was aborted.	[MsgId: MMSG-10694]
Ending Vuser...	[MsgId: MMSG-15966]
Ending action vuser_end.	[MsgId: MMSG-15918]
Starting action vuser_end.	[MsgId: MMSG-15919]
Vuser Terminated.	[MsgId: MMSG-15963]
Ending action vuser_end.	[MsgId: MMSG-15918]
Vuser Terminated.	[MsgId: MMSG-15963]
Vuser 1 (thread 3948), ended OK."	[MsgId: MMSG-10695]
Vuser 0 (thread 6852), ended OK."	[MsgId: MMSG-10695]
