Action.c(374):           </center>\n
Action.c(374):       </TD>\n
Action.c(374):     </TR>\n
Action.c(374):     <TR bgcolor="#EFF2F7">\n
Action.c(374):       <TD COLSPAN="3">\n
Action.c(374):       <b>Flight Details:</b><BR/>  <center>\n
Action.c(374):       09/25/2020\n
Action.c(374):      :  8am : Flight 710 leaves Seattle  for Frankfurt.<br>  </center>\n
Action.c(374):       </TD>\n
Action.c(374):     </TR>\n
Action.c(374):     \n
Action.c(374):     <TR bgcolor="#EFF2F7">\n
Action.c(374):       <TD COLSPAN="4">\n
Action.c(374):       <hr/>\n
Action.c(374):       </TD>\n
Action.c(374):     </TR>\n
Action.c(374):     \n
Action.c(374):     <!-- Flight #1 -->\n
Action.c(374):     <TR bgcolor="#EFF2F7">\n
Action.c(374):       <TD width="5%" rowspan="2" align="left" valign="top">\n
Action.c(374):     <b>\n
Action.c(374):     <label><input type="checkbox" name="32" value="on" /></label></font></b>\n
Action.c(374):     <input type="hidden" name="flightID" value="148767064-246267-jj"  />\n
Action.c(374):       </TD>\n
Action.c(374):       <TD width="45%" valign="top">\n
Action.c(374):           <b>&nbsp;&nbsp;2 Business class tickets for :</b><br/>\n
Action.c(374):           <center><table border="0" width="85%"><tr><td>\n
Action.c(374):           <li><i>jojo8 jojo8      <li><i>Chistyakova Anna8\n
Action.c(374):           <li><i></i>\n
Action.c(374):           </td></tr></table></center>\n
Action.c(374):       </TD>\n
Action.c(374):       <TD width="5%" >.<br/>.<br/>.<br/>.</TD>\n
Action.c(374):       <TD width="45%" valign=top><b>Invoice sent to:</b><br/>\n
Action.c(374):           <center>\n
Action.c(374):           <Table width="80%" cellspacing="0" 
Action.c(374): t=7073017ms: 8-byte chunked response overhead for "http://localhost:1080/cgi-bin/itinerary.pl" (RelFrameId=1.2, Internal ID=606)
Action.c(374):     \r\n
Action.c(374):     4303\r\n
Action.c(374): t=7073018ms: 8752-byte chunked response body for "http://localhost:1080/cgi-bin/itinerary.pl" (RelFrameId=1.2, Internal ID=606)
Action.c(374):     > <tr> <td>\n
Action.c(374):               jojo8 jojo8\n
Action.c(374):     <br/>\n
Action.c(374):               Kiev<br/>\n
Action.c(374):               Ukraine<br/>\n
Action.c(374):               <br/>\n
Action.c(374):               Total Charge: $ 1480 <BR/> (CC: x-4016)\n
Action.c(374):           </td> </tr> </table>\n
Action.c(374):           </center>\n
Action.c(374):       </TD>\n
Action.c(374):     </TR>\n
Action.c(374):     <TR bgcolor="#EFF2F7">\n
Action.c(374):       <TD COLSPAN="3">\n
Action.c(374):       <b>Flight Details:</b><BR/>  <center>\n
Action.c(374):       09/25/2020\n
Action.c(374):      :  8am : Flight 710 leaves Seattle  for Frankfurt.<br>  </center>\n
Action.c(374):       </TD>\n
Action.c(374):     </TR>\n
Action.c(374):     \n
Action.c(374):     <TR bgcolor="#EFF2F7">\n
Action.c(374):       <TD COLSPAN="4">\n
Action.c(374):       <hr/>\n
Action.c(374):       </TD>\n
Action.c(374):     </TR>\n
Action.c(374):     \n
Action.c(374):     <!-- Flight #1 -->\n
Action.c(374):     <TR bgcolor="#EFF2F7">\n
Action.c(374):       <TD width="5%" rowspan="2" align="left" valign="top">\n
Action.c(374):     <b>\n
Action.c(374):     <label><input type="checkbox" name="33" value="on" /></label></font></b>\n
Action.c(374):     <input type="hidden" name="flightID" value="148767072-254067-jj"  />\n
Action.c(374):       </TD>\n
Action.c(374):       <TD width="45%" valign="top">\n
Action.c(374):           <b>&nbsp;&nbsp;3 First class tickets for :</b><br/>\n
Action.c(374):           <center><table border="0" width="85%"><tr><td>\n
Action.c(374):           <li><i>jojo8 jojo8      <li><i>Chistyakova Anna8      <li><i>Osokin Max8\n
Action.c(374):           <li><i></i>\n
Action.c(374):           </td></tr></table></center>\n
Action.c(374):       </TD>\n
Action.c(374):       <TD width="5%" >.<br/>.<br/>.<br/>.</TD>\n
Action.c(374):       <TD width="45%" valign=top><b>Invoice sent to:</b><br/>\n
Action.c(374):           <center>\n
Action.c(374):           <Table width="80%" cellspacing="0" > <tr> <td>\n
Action.c(374):               jojo8 jojo8\n
Action.c(374):     <br/>\n
Action.c(374):               Kiev<br/>\n
Action.c(374):               Ukraine<br/>\n
Action.c(374):               <br/>\n
Action.c(374):               Total Charge: $ 2871 <BR/> (CC: x-4016)\n
Action.c(374):           </td> </tr> </table>\n
Action.c(374):           </center>\n
Action.c(374):       </TD>\n
Action.c(374):     </TR>\n
Action.c(374):     <TR bgcolor="#EFF2F7">\n
Action.c(374):       <TD COLSPAN="3">\n
Action.c(374):       <b>Flight Details:</b><BR/>  <center>\n
Action.c(374):       09/25/2020\n
Action.c(374):      :  8am : Flight 710 leaves Seattle  for Frankfurt.<br>  </center>\n
Action.c(374):       </TD>\n
Action.c(374):     </TR>\n
Action.c(374):     \n
Action.c(374):     <TR bgcolor="#EFF2F7">\n
Action.c(374):       <TD COLSPAN="4">\n
Action.c(374):       <hr/>\n
Action.c(374):       </TD>\n
Action.c(374):     </TR>\n
Action.c(374):     \n
Action.c(374):     <!-- Flight #1 -->\n
Action.c(374):     <TR bgcolor="#EFF2F7">\n
Action.c(374):       <TD width="5%" rowspan="2" align="left" valign="top">\n
Action.c(374):     <b>\n
Action.c(374):     <label><input type="checkbox" name="34" value="on" /></label></font></b>\n
Action.c(374):     <input type="hidden" name="flightID" value="148767072-261685-jj"  />\n
Action.c(374):       </TD>\n
Action.c(374):       <TD width="45%" valign="top">\n
Action.c(374):           <b>&nbsp;&nbsp;2 First class tickets for :</b><br/>\n
Action.c(374):           <center><table border="0" width="85%"><tr><td>\n
Action.c(374):           <li><i>jojo8 jojo8      <li><i>Chistyakova Anna8\n
Action.c(374):           <li><i></i>\n
Action.c(374):           </td></tr></table></center>\n
Action.c(374):       </TD>\n
Action.c(374):       <TD width="5%" >.<br/>.<br/>.<br/>.</TD>\n
Action.c(374):       <TD width="45%" valign=top><b>Invoice sent to:</b><br/>\n
Action.c(374):           <center>\n
Action.c(374):           <Table width="80%" cellspacing="0" > <tr> <td>\n
Action.c(374):               jojo8 jojo8\n
Action.c(374):     <br/>\n
Action.c(374):               Kiev<br/>\n
Action.c(374):               Ukraine<br/>\n
Action.c(374):               <br/>\n
Action.c(374):               Total Charge: $ 1914 <BR/> (CC: x-4016)\n
Action.c(374):           </td> </tr> </table>\n
Action.c(374):           </center>\n
Action.c(374):       </TD>\n
Action.c(374):     </TR>\n
Action.c(374):     <TR bgcolor="#EFF2F7">\n
Action.c(374):       <TD COLSPAN="3">\n
Action.c(374):       <b>Flight Details:</b><BR/>  <center>\n
Action.c(374):       09/25/2020\n
Action.c(374):      :  8am : Flight 710 leaves Seattle  for Frankfurt.<br>  </center>\n
Action.c(374):       </TD>\n
Action.c(374):     </TR>\n
Action.c(374):     \n
Action.c(374):     <TR bgcolor="#EFF2F7">\n
Action.c(374):       <TD COLSPAN="4">\n
Action.c(374):       <hr/>\n
Action.c(374):       </TD>\n
Action.c(374):     </TR>\n
Action.c(374):     \n
Action.c(374):     <!-- Flight #1 -->\n
Action.c(374):     <TR bgcolor="#EFF2F7">\n
Action.c(374):       <TD width="5%" rowspan="2" align="left" valign="top">\n
Action.c(374):     <b>\n
Action.c(374):     <label><input type="checkbox" name="35" value="on" /></label></font></b>\n
Action.c(374):     <input type="hidden" name="flightID" value="148767055-26962-jj"  />\n
Action.c(374):       </TD>\n
Action.c(374):       <TD width="45%" valign="top">\n
Action.c(374):           <b>&nbsp;&nbsp;A Coach class ticket for :</b><br/>\n
Action.c(374):           <center><table border="0" width="85%"><tr><td>\n
Action.c(374):           <li><i>jojo8 jojo8\n
Action.c(374):           <li><i></i>\n
Action.c(374):           </td></tr></table></center>\n
Action.c(374):       </TD>\n
Action.c(374):       <TD width="5%" >.<br/>.<br/>.<br/>.</TD>\n
Action.c(374):       <TD width="45%" valign=top><b>Invoice sent to:</b><br/>\n
Action.c(374):           <center>\n
Action.c(374):           <Table width="80%" cellspacing="0" > <tr> <td>\n
Action.c(374):               jojo8 jojo8\n
Action.c(374):     <br/>\n
Action.c(374):               Kiev<br/>\n
Action.c(374):               Ukraine<br/>\n
Action.c(374):               <br/>\n
Action.c(374):               Total Charge: $ 510 <BR/> (CC: x-4016)\n
Action.c(374):           </td> </tr> </table>\n
Action.c(374):           </center>\n
Action.c(374):       </TD>\n
Action.c(374):     </TR>\n
Action.c(374):     <TR bgcolor="#EFF2F7">\n
Action.c(374):       <TD COLSPAN="3">\n
Action.c(374):       <b>Flight Details:</b><BR/>  <center>\n
Action.c(374):       09/25/2020\n
Action.c(374):      :  8am : Flight 710 leaves Seattle  for Frankfurt.<br>  </center>\n
Action.c(374):       </TD>\n
Action.c(374):     </TR>\n
Action.c(374):     \n
Action.c(374):     <TR bgcolor="#EFF2F7">\n
Action.c(374):       <TD COLSPAN="4">\n
Action.c(374):       <hr/>\n
Action.c(374):       </TD>\n
Action.c(374):     </TR>\n
Action.c(374):     \n
Action.c(374):     <!-- Flight #1 -->\n
Action.c(374):     <TR bgcolor="#EFF2F7">\n
Action.c(374):       <TD width="5%" rowspan="2" align="left" valign="top">\n
Action.c(374):     <b>\n
Action.c(374):     <label><input type="checkbox" name="36" value="on" /></label></font></b>\n
Action.c(374):     <input type="hidden" name="flightID" value="148767072-27765-jj"  />\n
Action.c(374):       </TD>\n
Action.c(374):       <TD width="45%" valign="top">\n
Action.c(374):           <b>&nbsp;&nbsp;A First class ticket for :</b><br/>\n
Action.c(374):           <center><table border="0" width="85%"><tr><td>\n
Action.c(374):           <li><i>jojo8 jojo8\n
Action.c(374):           <li><i></i>\n
Action.c(374):           </td></tr></table></center>\n
Action.c(374):       </TD>\n
Action.c(374):       <TD width="5%" >.<br/>.<br/>.<br/>.</TD>\n
Action.c(374):       <TD width="45%" valign=top><b>Invoice sent to:</b><br/>\n
Action.c(374):           <center>\n
Action.c(374):           <Table width="80%" cellspacing="0" > <tr> <td>\n
Action.c(374):               jojo8 jojo8\n
Action.c(374):     <br/>\n
Action.c(374):               Kiev<br/>\n
Action.c(374):               Ukraine<br/>\n
Action.c(374):               <br/>\n
Action.c(374):               Total Charge: $ 957 <BR/> (CC: x-4016)\n
Action.c(374):           </td> </tr> </table>\n
Action.c(374):           </center>\n
Action.c(374):       </TD>\n
Action.c(374):     </TR>\n
Action.c(374):     <TR bgcolor="#EFF2F7">\n
Action.c(374):       <TD COLSPAN="3">\n
Action.c(374):       <b>Flight Details:</b><BR/>  <center>\n
Action.c(374):       09/25/2020\n
Action.c(374):      :  8am : Flight 710 leaves Seattle  for Frankfurt.<br>  </center>\n
Action.c(374):       </TD>\n
Action.c(374):     </TR>\n
Action.c(374):     \n
Action.c(374):     <TR bgcolor="#EFF2F7">\n
Action.c(374):       <TD COLSPAN="4">\n
Action.c(374):       <hr/>\n
Action.c(374):       </TD>\n
Action.c(374):     </TR>\n
Action.c(374):     \n
Action.c(374):     <!-- Flight #1 -->\n
Action.c(374):     <TR bgcolor="#EFF2F7">\n
Action.c(374):       <TD width="5%" rowspan="2" align="left" valign="top">\n
Action.c(374):     <b>\n
Action.c(374):     <label><input type="checkbox" name="37" value="on" /></label></font></b>\n
Action.c(374):     <input type="hidden" name="flightID" value="148767055-28500-jj"  />\n
Action.c(374):       </TD>\n
Action.c(374):       <TD width="45%" valign="top">\n
Action.c(374):           <b>&nbsp;&nbsp;A Coach class ticket for :</b><br/>\n
Action.c(374):           <center><table border="0" width="85%"><tr><td>\n
Action.c(374):           <li><i>jojo8 jojo8\n
Action.c(374):           <li><i></i>\n
Action.c(374):           </td></tr></table></center>\n
Action.c(374):       </TD>\n
Action.c(374):       <TD width="5%" >.<br/>.<br/>.<br/>.</TD>\n
Action.c(374):       <TD width="45%" valign=top><b>Invoice sent to:</b><br/>\n
Action.c(374):           <center>\n
Action.c(374):           <Table width="80%" cellspacing="0" > <tr> <td>\n
Action.c(374):               jojo8 jojo8\n
Action.c(374):     <br/>\n
Action.c(374):               Kiev<br/>\n
Action.c(374):               Ukraine<br/>\n
Action.c(374):               <br/>\n
Action.c(374):               Total Charge: $ 510 <BR/> (CC: x-4016)\n
Action.c(374):           </td> </tr> </table>\n
Action.c(374):           </center>\n
Action.c(374):       </TD>\n
Action.c(374):     </TR>\n
Action.c(374):     <TR bgcolor="#EFF2F7">\n
Action.c(374):       <TD COLSPAN="3">\n
Action.c(374):       <b>Flight Details:</b><BR/>  <center>\n
Action.c(374):       09/25/2020\n
Action.c(374):      :  8am : Flight 710 leaves Seattle  for Frankfurt.<br>  </center>\n
Action.c(374):       </TD>\n
Action.c(374):     </TR>\n
Action.c(374):     \n
Action.c(374):     <TR bgcolor="#EFF2F7">\n
Action.c(374):       <TD COLSPAN="4">\n
Action.c(374):       <hr/>\n
Action.c(374):       </TD>\n
Action.c(374):     </TR>\n
Action.c(374):     \n
Action.c(374):     <!-- Flight #1 -->\n
Action.c(374):     <TR bgcolor="#EFF2F7">\n
Action.c(374):       <TD width="5%" rowspan="2" align="left" valign="top">\n
Action.c(374):     <b>\n
Action.c(374):     <label><input type="checkbox" name="38" value="on" /></label></font></b>\n
Action.c(374):     <input type="hidden" name="flightID" value="148767055-29270-jj"  />\n
Action.c(374):       </TD>\n
Action.c(374):       <TD width="45%" valign="top">\n
Action.c(374):           <b>&nbsp;&nbsp;A Coach class ticket for :</b><br/>\n
Action.c(374):           <center><table border="0" width="85%"><tr><td>\n
Action.c(374):           <li><i>jojo8 jojo8\n
Action.c(374):           <li><i></i>\n
Action.c(374):           </td></tr></table></center>\n
Action.c(374):       </TD>\n
Action.c(374):       <TD width="5%" >.<br/>.<br/>.<br/>.</TD>\n
Action.c(374):       <TD width="45%" valign=top><b>Invoice sent to:</b><br/>\n
Action.c(374):           <center>\n
Action.c(374):           <Table width="80%" cellspacing="0" > <tr> <td>\n
Action.c(374):               jojo8 jojo8\n
Action.c(374):     <br/>\n
Action.c(374):               Kiev<br/>\n
Action.c(374):               Ukraine<br/>\n
Action.c(374):               <br/>\n
Action.c(374):               Total Charge: $ 510 <BR/> (CC: x-4016)\n
Action.c(374):           </td> </tr> </table>\n
Action.c(374):           </center>\n
Action.c(374):       </TD>\n
Action.c(374):     </TR>\n
Action.c(374):     <TR bgcolor="#EFF2F7">\n
Action.c(374):       <TD COLSPAN="3">\n
Action.c(374):       <b>Flight Details:</b><BR/>  <center>\n
Action.c(374):       09/25/2020\n
Action.c(374):      :  8am : Flight 710 leaves Seattle  for Frankfurt.<br>  </center>\n
Action.c(374):       </TD>\n
Action.c(374):     </TR>\n
Action.c(374):     \n
Action.c(374):     <TR bgcolor="#EFF2F7">\n
Action.c(374):       <TD COLSPAN="4">\n
Action.c(374):       <hr/>\n
Action.c(374):       </TD>\n
Action.c(374):     </TR>\n
Action.c(374):     \n
Action.c(374):     <!-- Flight #1 -->\n
Action.c(374):     <TR bgcolor="#EFF2F7">\n
Action.c(374):       <TD width="5%" rowspan="2" align="left" valign="top">\n
Action.c(374):     <b>\n
Action.c(374):     <label><input type="checkbox" name="39" value="on" /></label></font></b>\n
Action.c(374):     <input type="hidden" name="flightID" value="148767055-300117-jj"  />\n
Action.c(374):       </TD>\n
Action.c(374):       <TD width="45%" valign="top">\n
Action.c(374):           <b>&nbsp;&nbsp;3 Coach class tickets for :</b><br/>\n
Action.c(374):           <center><table border="0" width="85%"><tr><td>\n
Action.c(374):           <li><i>jojo8 jojo8      <li><i>Chistyakova Anna8      <li><i>Osokin Max8\n
Action.c(374):           <li><i></i>\n
Action.c(374):           </td></tr></table></center>\n
Action.c(374):       </TD>\n
Action.c(374):       <TD width="5%" >.<br/>.<br/>.<br/>.</TD>\n
Action.c(374):       <TD width="45%" valign=top><b>Invoice sent to:</b><br/>\n
Action.c(374):           <center>\n
Action.c(374):           <Table width="80%" cellspacing="0" > <tr> <td>\n
Action.c(374):               jojo8 jojo8\n
Action.c(374):     <br/>\n
Action.c(374):               Kiev<br/>\n
Action.c(374):               Ukraine<br/>\n
Action.c(374):               <br/>\n
Action.c(374):               Total Charge: $ 1530 <BR/> (CC: x-4016)\n
Action.c(374):           </td> </tr> </table>\n
Action.c(374):           </center>\n
Action.c(374):       </TD>\n
Action.c(374):     </TR>\n
Action.c(374):     <TR bgcolor="#EFF2F7">\n
Action.c(374):       <TD COLSPAN="3">\n
Action.c(374):       <b>Flight Details:</b><BR/>  <center>\n
Action.c(374):       09/25/2020\n
Action.c(374):      :  8am : Flight 710 leaves Seattle  for Frankfurt.<br>  </center>\n
Action.c(374):       </TD>\n
Action.c(374):     </TR>\n
Action.c(374):     \n
Action.c(374):     <TR bgcolor="#EFF2F7">\n
Action.c(374):       <TD COLSPAN="4">\n
Action.c(374):       <hr/>\n
Action.c(374):       </TD>\n
Action.c(374):     </TR>\n
Action.c(374):     \n
Action.c(374):     <!-- Flight #1 -->\n
Action.c(374):     <TR bgcolor="#EFF2F7">\n
Action.c(374):       <TD width="5%" rowspan="2" align="left" valign="top">\n
Action.c(374):     <b>\n
Action.c(374):     <label><input type="checkbox" name="40" value="on" /></label></font></b>\n
Action.c(374):     <input type="hidden" name="flightID" value="148767072-30842-jj"  />\n
Action.c(374):       </TD>\n
Action.c(374):       <TD width="45%" valign="top">\n
Action.c(374):           <b>&nbsp;&nbsp;A First class ticket for :</b><br/>\n
Action.c(374):           <center><table border="0" width="85%"><tr><td>\n
Action.c(374):           <li><i>jojo8 jojo8\n
Action.c(374):           <li><i></i>\n
Action.c(374):           </td></tr></table></center>\n
Action.c(374):       </TD>\n
Action.c(374):       <TD width="5%" >.<br/>.<br/>.<br/>.</TD>\n
Action.c(374):       <TD width="45%" valign=top><b>Invoice sent to:</b><br/>\n
Action.c(374):         
Action.c(374): t=7073051ms: 8760-byte chunked response body for "http://localhost:1080/cgi-bin/itinerary.pl" (RelFrameId=1.2, Internal ID=606)
Action.c(374):       <center>\n
Action.c(374):           <Table width="80%" cellspacing="0" > <tr> <td>\n
Action.c(374):               jojo8 jojo8\n
Action.c(374):     <br/>\n
Action.c(374):               Kiev<br/>\n
Action.c(374):               Ukraine<br/>\n
Action.c(374):               <br/>\n
Action.c(374):               Total Charge: $ 957 <BR/> (CC: x-4016)\n
Action.c(374):           </td> </tr> </table>\n
Action.c(374):           </center>\n
Action.c(374):       </TD>\n
Action.c(374):     </TR>\n
Action.c(374):     <TR bgcolor="#EFF2F7">\n
Action.c(374):       <TD COLSPAN="3">\n
Action.c(374):       <b>Flight Details:</b><BR/>  <center>\n
Action.c(374):       09/25/2020\n
Action.c(374):      :  8am : Flight 710 leaves Seattle  for Frankfurt.<br>  </center>\n
Action.c(374):       </TD>\n
Action.c(374):     </TR>\n
Action.c(374):     \n
Action.c(374):     <TR bgcolor="#EFF2F7">\n
Action.c(374):       <TD COLSPAN="4">\n
Action.c(374):       <hr/>\n
Action.c(374):       </TD>\n
Action.c(374):     </TR>\n
Action.c(374):     \n
Action.c(374):     <!-- Flight #1 -->\n
Action.c(374):     <TR bgcolor="#EFF2F7">\n
Action.c(374):       <TD width="5%" rowspan="2" align="left" valign="top">\n
Action.c(374):     <b>\n
Action.c(374):     <label><input type="checkbox" name="41" value="on" /></label></font></b>\n
Action.c(374):     <input type="hidden" name="flightID" value="148767064-315498-jj"  />\n
Action.c(374):       </TD>\n
Action.c(374):       <TD width="45%" valign="top">\n
Action.c(374):           <b>&nbsp;&nbsp;2 Business class tickets for :</b><br/>\n
Action.c(374):           <center><table border="0" width="85%"><tr><td>\n
Action.c(374):           <li><i>jojo8 jojo8      <li><i>Chistyakova Anna8\n
Action.c(374):           <li><i></i>\n
Action.c(374):           </td></tr></table></center>\n
Action.c(374):       </TD>\n
Action.c(374):       <TD width="5%" >.<br/>.<br/>.<br/>.</TD>\n
Action.c(374):       <TD width="45%" valign=top><b>Invoice sent to:</b><br/>\n
Action.c(374):           <center>\n
Action.c(374):           <Table width="80%" cellspacing="0" > <tr> <td>\n
Action.c(374):               jojo8 jojo8\n
Action.c(374):     <br/>\n
Action.c(374):               Kiev<br/>\n
Action.c(374):               Ukraine<br/>\n
Action.c(374):               <br/>\n
Action.c(374):               Total Charge: $ 1480 <BR/> (CC: x-4016)\n
Action.c(374):           </td> </tr> </table>\n
Action.c(374):           </center>\n
Action.c(374):       </TD>\n
Action.c(374):     </TR>\n
Action.c(374):     <TR bgcolor="#EFF2F7">\n
Action.c(374):       <TD COLSPAN="3">\n
Action.c(374):       <b>Flight Details:</b><BR/>  <center>\n
Action.c(374):       09/25/2020\n
Action.c(374):      :  8am : Flight 710 leaves Seattle  for Frankfurt.<br>  </center>\n
Action.c(374):       </TD>\n
Action.c(374):     </TR>\n
Action.c(374):     \n
Action.c(374):     <TR bgcolor="#EFF2F7">\n
Action.c(374):       <TD COLSPAN="4">\n
Action.c(374):       <hr/>\n
Action.c(374):       </TD>\n
Action.c(374):     </TR>\n
Action.c(374):     \n
Action.c(374):     <!-- Flight #1 -->\n
Action.c(374):     <TR bgcolor="#EFF2F7">\n
Action.c(374):       <TD width="5%" rowspan="2" align="left" valign="top">\n
Action.c(374):     <b>\n
Action.c(374):     <label><input type="checkbox" name="42" value="on" /></label></font></b>\n
Action.c(374):     <input type="hidden" name="flightID" value="148767064-323247-jj"  />\n
Action.c(374):       </TD>\n
Action.c(374):       <TD width="45%" valign="top">\n
Action.c(374):           <b>&nbsp;&nbsp;3 Business class tickets for :</b><br/>\n
Action.c(374):           <center><table border="0" width="85%"><tr><td>\n
Action.c(374):           <li><i>jojo8 jojo8      <li><i>Chistyakova Anna8      <li><i>Osokin Max8\n
Action.c(374):           <li><i></i>\n
Action.c(374):           </td></tr></table></center>\n
Action.c(374):       </TD>\n
Action.c(374):       <TD width="5%" >.<br/>.<br/>.<br/>.</TD>\n
Action.c(374):       <TD width="45%" valign=top><b>Invoice sent to:</b><br/>\n
Action.c(374):           <center>\n
Action.c(374):           <Table width="80%" cellspacing="0" > <tr> <td>\n
Action.c(374):               jojo8 jojo8\n
Action.c(374):     <br/>\n
Action.c(374):               Kiev<br/>\n
Action.c(374):               Ukraine<br/>\n
Action.c(374):               <br/>\n
Action.c(374):               Total Charge: $ 2220 <BR/> (CC: x-4016)\n
Action.c(374):           </td> </tr> </table>\n
Action.c(374):           </center>\n
Action.c(374):       </TD>\n
Action.c(374):     </TR>\n
Action.c(374):     <TR bgcolor="#EFF2F7">\n
Action.c(374):       <TD COLSPAN="3">\n
Action.c(374):       <b>Flight Details:</b><BR/>  <center>\n
Action.c(374):       09/25/2020\n
Action.c(374):      :  8am : Flight 710 leaves Seattle  for Frankfurt.<br>  </center>\n
Action.c(374):       </TD>\n
Action.c(374):     </TR>\n
Action.c(374):     \n
Action.c(374):     <TR bgcolor="#EFF2F7">\n
Action.c(374):       <TD COLSPAN="4">\n
Action.c(374):       <hr/>\n
Action.c(374):       </TD>\n
Action.c(374):     </TR>\n
Action.c(374):     \n
Action.c(374):     <!-- Flight #1 -->\n
Action.c(374):     <TR bgcolor="#EFF2F7">\n
Action.c(374):       <TD width="5%" rowspan="2" align="left" valign="top">\n
Action.c(374):     <b>\n
Action.c(374):     <label><input type="checkbox" name="43" value="on" /></label></font></b>\n
Action.c(374):     <input type="hidden" name="flightID" value="148767064-330940-jj"  />\n
Action.c(374):       </TD>\n
Action.c(374):       <TD width="45%" valign="top">\n
Action.c(374):           <b>&nbsp;&nbsp;3 Business class tickets for :</b><br/>\n
Action.c(374):           <center><table border="0" width="85%"><tr><td>\n
Action.c(374):           <li><i>jojo8 jojo8      <li><i>Chistyakova Anna8      <li><i>Osokin Max8\n
Action.c(374):           <li><i></i>\n
Action.c(374):           </td></tr></table></center>\n
Action.c(374):       </TD>\n
Action.c(374):       <TD width="5%" >.<br/>.<br/>.<br/>.</TD>\n
Action.c(374):       <TD width="45%" valign=top><b>Invoice sent to:</b><br/>\n
Action.c(374):           <center>\n
Action.c(374):           <Table width="80%" cellspacing="0" > <tr> <td>\n
Action.c(374):               jojo8 jojo8\n
Action.c(374):     <br/>\n
Action.c(374):               Kiev<br/>\n
Action.c(374):               Ukraine<br/>\n
Action.c(374):               <br/>\n
Action.c(374):               Total Charge: $ 2220 <BR/> (CC: x-4016)\n
Action.c(374):           </td> </tr> </table>\n
Action.c(374):           </center>\n
Action.c(374):       </TD>\n
Action.c(374):     </TR>\n
Action.c(374):     <TR bgcolor="#EFF2F7">\n
Action.c(374):       <TD COLSPAN="3">\n
Action.c(374):       <b>Flight Details:</b><BR/>  <center>\n
Action.c(374):       09/25/2020\n
Action.c(374):      :  8am : Flight 710 leaves Seattle  for Frankfurt.<br>  </center>\n
Action.c(374):       </TD>\n
Action.c(374):     </TR>\n
Action.c(374):     \n
Action.c(374):     <TR bgcolor="#EFF2F7">\n
Action.c(374):       <TD COLSPAN="4">\n
Action.c(374):       <hr/>\n
Action.c(374):       </TD>\n
Action.c(374):     </TR>\n
Action.c(374):     \n
Action.c(374):     <!-- Flight #1 -->\n
Action.c(374):     <TR bgcolor="#EFF2F7">\n
Action.c(374):       <TD width="5%" rowspan="2" align="left" valign="top">\n
Action.c(374):     <b>\n
Action.c(374):     <label><input type="checkbox" name="44" value="on" /></label></font></b>\n
Action.c(374):     <input type="hidden" name="flightID" value="148767055-338579-jj"  />\n
Action.c(374):       </TD>\n
Action.c(374):       <TD width="45%" valign="top">\n
Action.c(374):           <b>&nbsp;&nbsp;3 Coach class tickets for :</b><br/>\n
Action.c(374):           <center><table border="0" width="85%"><tr><td>\n
Action.c(374):           <li><i>jojo8 jojo8      <li><i>Chistyakova Anna8      <li><i>Osokin Max8\n
Action.c(374):           <li><i></i>\n
Action.c(374):           </td></tr></table></center>\n
Action.c(374):       </TD>\n
Action.c(374):       <TD width="5%" >.<br/>.<br/>.<br/>.</TD>\n
Action.c(374):       <TD width="45%" valign=top><b>Invoice sent to:</b><br/>\n
Action.c(374):           <center>\n
Action.c(374):           <Table width="80%" cellspacing="0" > <tr> <td>\n
Action.c(374):               jojo8 jojo8\n
Action.c(374):     <br/>\n
Action.c(374):               Kiev<br/>\n
Action.c(374):               Ukraine<br/>\n
Action.c(374):               <br/>\n
Action.c(374):               Total Charge: $ 1530 <BR/> (CC: x-4016)\n
Action.c(374):           </td> </tr> </table>\n
Action.c(374):           </center>\n
Action.c(374):       </TD>\n
Action.c(374):     </TR>\n
Action.c(374):     <TR bgcolor="#EFF2F7">\n
Action.c(374):       <TD COLSPAN="3">\n
Action.c(374):       <b>Flight Details:</b><BR/>  <center>\n
Action.c(374):       09/25/2020\n
Action.c(374):      :  8am : Flight 710 leaves Seattle  for Frankfurt.<br>  </center>\n
Action.c(374):       </TD>\n
Action.c(374):     </TR>\n
Action.c(374):     \n
Action.c(374):     <TR bgcolor="#EFF2F7">\n
Action.c(374):       <TD COLSPAN="4">\n
Action.c(374):       <hr/>\n
Action.c(374):       </TD>\n
Action.c(374):     </TR>\n
Action.c(374):     \n
Action.c(374):     <!-- Flight #1 -->\n
Action.c(374):     <TR bgcolor="#EFF2F7">\n
Action.c(374):       <TD width="5%" rowspan="2" align="left" valign="top">\n
Action.c(374):     <b>\n
Action.c(374):     <label><input type="checkbox" name="45" value="on" /></label></font></b>\n
Action.c(374):     <input type="hidden" name="flightID" value="148767055-346232-jj"  />\n
Action.c(374):       </TD>\n
Action.c(374):       <TD width="45%" valign="top">\n
Action.c(374):           <b>&nbsp;&nbsp;2 Coach class tickets for :</b><br/>\n
Action.c(374):           <center><table border="0" width="85%"><tr><td>\n
Action.c(374):           <li><i>jojo8 jojo8      <li><i>Chistyakova Anna8\n
Action.c(374):           <li><i></i>\n
Action.c(374):           </td></tr></table></center>\n
Action.c(374):       </TD>\n
Action.c(374):       <TD width="5%" >.<br/>.<br/>.<br/>.</TD>\n
Action.c(374):       <TD width="45%" valign=top><b>Invoice sent to:</b><br/>\n
Action.c(374):           <center>\n
Action.c(374):           <Table width="80%" cellspacing="0" > <tr> <td>\n
Action.c(374):               jojo8 jojo8\n
Action.c(374):     <br/>\n
Action.c(374):               Kiev<br/>\n
Action.c(374):               Ukraine<br/>\n
Action.c(374):               <br/>\n
Action.c(374):               Total Charge: $ 1020 <BR/> (CC: x-4016)\n
Action.c(374):           </td> </tr> </table>\n
Action.c(374):           </center>\n
Action.c(374):       </TD>\n
Action.c(374):     </TR>\n
Action.c(374):     <TR bgcolor="#EFF2F7">\n
Action.c(374):       <TD COLSPAN="3">\n
Action.c(374):       <b>Flight Details:</b><BR/>  <center>\n
Action.c(374):       09/25/2020\n
Action.c(374):      :  8am : Flight 710 leaves Seattle  for Frankfurt.<br>  </center>\n
Action.c(374):       </TD>\n
Action.c(374):     </TR>\n
Action.c(374):     \n
Action.c(374):     <TR bgcolor="#EFF2F7">\n
Action.c(374):       <TD COLSPAN="4">\n
Action.c(374):       <hr/>\n
Action.c(374):       </TD>\n
Action.c(374):     </TR>\n
Action.c(374):     <TR>\n
Action.c(374):        <TD align="center" COLSPAN="4">\n
Action.c(374):        <b>A total of 45 scheduled flights.</font></b>\n
Action.c(374):        </TD>\n
Action.c(374):     </TR>\n
Action.c(374):     </TABLE>\n
Action.c(374):     \n
Action.c(374):     <TABLE WIDTH="87%" BORDER="0" CELLSPACING="0">\n
Action.c(374):     <TR>\n
Action.c(374):     <TD align="left" width="50%" >\n
Action.c(374):     <input type="image" name="removeFlights" src="/WebTours/images/cancelreservation.gif" bord
Action.c(374):     er="0" /></TD>\n
Action.c(374):     <TD align="right" width="50%" >\n
Action.c(374):     <input type="image" name="removeAllFlights" src="/WebTours/images/cancelallreservations.gi
Action.c(374):     f" border="0" /></TD>\n
Action.c(374):     </TABLE>\n
Action.c(374):     \n
Action.c(374):     <div><input type="hidden" name=".cgifields" value="33"  /><input type="hidden" name=".cgif
Action.c(374):     ields" value="32"  /><input type="hidden" name=".cgifields" value="21"  /><input type="hid
Action.c(374):     den" name=".cgifields" value="7"  /><input type="hidden" name=".cgifields" value="26"  /><
Action.c(374):     input type="hidden" name=".cgifields" value="17"  /><input type="hidden" name=".cgifields"
Action.c(374):      value="2"  /><input type="hidden" name=".cgifields" value="1"  /><input type="hidden" nam
Action.c(374):     e=".cgifields" value="18"  /><input type="hidden" name=".cgifields" value="30"  /><input t
Action.c(374):     ype="hidden" name=".cgifields" value="16"  /><input type="hidden" name=".cgifields" value=
Action.c(374):     "44"  /><input type="hidden" name=".cgifields" value="27"  /><input type="hidden" name=".c
Action.c(374):     gifields" value="25"  /><input type="hidden" name=".cgifields" value="28"  /><input type="
Action.c(374):     hidden" name=".cgifields" value="40"  /><input type="hidden" name=".cgifields" value="20" 
Action.c(374):      /><input type="hidden" name=".cgifields" value="14"  /><input type="hidden" name=".cgifie
Action.c(374):     lds" value="24"  /><input type="hidden" name=".cgifields" value="10"  /><input type="hidde
Action.c(374):     n" name=".cgifields" value="31"  /><input type="hidden" name=".cgifields" value="35"  /><i
Action.c(374):     nput type="hidden" name=".cgifields" value="11"  /><input type="hidden" name=".cgifields" 
Action.c(374):     value="42"  /><input type="hidden" name=".cgifields" value="22"  /><input type="hidden" na
Action.c(374):     me=".cgifields" value="13"  /><input type="hidden" name=".cgifields" value="23"  /><input 
Action.c(374):     type="hidden" name=".cgifields" value="29"  /><input type="hidden" name=".cgifields" value
Action.c(374):     ="6"  /><input type="hidden" name=".cgifields" value="39"  /><input type="hidden" name=".c
Action.c(374):     gifields" value="36"  /><input type="hidden" name=".cgifields" value="3"  /><input type="h
Action.c(374):     idden" name=".cgifields" value="9"  /><input type="hidden" name=".cgifields" value="41"  /
Action.c(374):     ><input type="hidden" name=".cgifields" value="12"  /><input type="hidden" name=".cgifield
Action.c(374):     s" value="15"  /><input type="hidden" name=".cgifields" value="38"  /><input type="hidden"
Action.c(374):      name=".cgifields" value="8"  /><input type="hidden" name=".cgifields" value="4"  /><input
Action.c(374):      type="hidden" name=".cgifields" value="34"  /><input type="hidden" name=".cgif
Action.c(374): Found resource "http://localhost:1080/WebTours/images/cancelreservation.gif" in HTML "http://localhost:1080/cgi-bin/itinerary.pl"  	[MsgId: MMSG-26659]
Action.c(374): Found resource "http://localhost:1080/WebTours/images/cancelallreservations.gif" in HTML "http://localhost:1080/cgi-bin/itinerary.pl"  	[MsgId: MMSG-26659]
Action.c(374): t=7073082ms: 7-byte chunked response overhead for "http://localhost:1080/cgi-bin/itinerary.pl" (RelFrameId=1.2, Internal ID=606)
Action.c(374):     \r\n
Action.c(374):     0\r\n
Action.c(374):     \r\n
Action.c(374): t=7073082ms: 273-byte chunked response body for "http://localhost:1080/cgi-bin/itinerary.pl" (RelFrameId=1.2, Internal ID=606)
Action.c(374):     ields" value="45"  /><input type="hidden" name=".cgifields" value="37"  /><input type="hid
Action.c(374):     den" name=".cgifields" value="43"  /><input type="hidden" name=".cgifields" value="19"  />
Action.c(374):     <input type="hidden" name=".cgifields" value="5"  /></div></form>\n
Action.c(374):     \n
Action.c(374):     </center>\n
Action.c(374):     \n
Action.c(374):     </body>\n
Action.c(374):     </html>
Action.c(374): t=7073085ms: 297-byte response headers for "http://localhost:1080/WebTours/images/cancelreservation.gif" (RelFrameId=, Internal ID=608)
Action.c(374):     HTTP/1.1 200 OK\r\n
Action.c(374):     Date: Fri, 25 Sep 2020 18:58:16 GMT\r\n
Action.c(374):     Server: Apache/2.2.21 (Win32)\r\n
Action.c(374):     Last-Modified: Fri, 04 Sep 2020 17:00:04 GMT\r\n
Action.c(374):     ETag: "20000000be233-33f-5ae7fccd72129"\r\n
Action.c(374):     Accept-Ranges: bytes\r\n
Action.c(374):     Content-Length: 831\r\n
Action.c(374):     Keep-Alive: timeout=5, max=87\r\n
Action.c(374):     Connection: Keep-Alive\r\n
Action.c(374):     Content-Type: image/gif\r\n
Action.c(374):     \r\n
Action.c(374): t=7073086ms: 831-byte response body for "http://localhost:1080/WebTours/images/cancelreservation.gif" (RelFrameId=, Internal ID=608)
Action.c(374): t=7073086ms: 297-byte response headers for "http://localhost:1080/WebTours/images/cancelallreservations.gif" (RelFrameId=, Internal ID=609)
Action.c(374):     HTTP/1.1 200 OK\r\n
Action.c(374):     Date: Fri, 25 Sep 2020 18:58:16 GMT\r\n
Action.c(374):     Server: Apache/2.2.21 (Win32)\r\n
Action.c(374):     Last-Modified: Fri, 04 Sep 2020 17:00:04 GMT\r\n
Action.c(374):     ETag: "20000000be232-2e6-5ae7fccd6a80f"\r\n
Action.c(374):     Accept-Ranges: bytes\r\n
Action.c(374):     Content-Length: 742\r\n
Action.c(374):     Keep-Alive: timeout=5, max=98\r\n
Action.c(374):     Connection: Keep-Alive\r\n
Action.c(374):     Content-Type: image/gif\r\n
Action.c(374):     \r\n
Action.c(374): t=7073088ms: 742-byte response body for "http://localhost:1080/WebTours/images/cancelallreservations.gif" (RelFrameId=, Internal ID=609)
Action.c(374): Registered web_reg_find successful for "Text=User wants the intineraries." (count=1)  	[MsgId: MMSG-26364]
Action.c(374): Registered web_reg_find successful for "Text=jojo8 jojo8
 's Flight Transaction Summary" (count=1)  	[MsgId: MMSG-26364]
Action.c(374): web_url("Itinerary Button") was successful, 58274 body bytes, 1617 header bytes, 108 chunking overhead bytes  	[MsgId: MMSG-26385]
Action.c(384): Notify: Transaction "click_itinerary" ended with a "Pass" status (Duration: 5,4527 Think Time: 5,0101 Wasted Time: 0,0004).	[MsgId: MMSG-16870]
Action.c(386): Notify: Transaction "logout" started.	[MsgId: MMSG-16999]
Action.c(388): web_remove_auto_header("Sec-Fetch-User") started  	[MsgId: MMSG-26355]
Action.c(388): Previous automatically added web header for "Sec-Fetch-User" removed  	[MsgId: MMSG-26587]
Action.c(388): web_remove/revert_auto_header("Sec-Fetch-User") was successful  	[MsgId: MMSG-26392]
Action.c(390): Think time - Waiting 5,00 seconds (according to limit).	[MsgId: MMSG-15946]
Action.c(390): lr_think_time: 5,00 seconds (recorded think time was 21,00 seconds).	[MsgId: MMSG-15947]
Action.c(392): web_reg_find started  	[MsgId: MMSG-26355]
Action.c(392): Registering web_reg_find was successful  	[MsgId: MMSG-26390]
Action.c(396): web_url("SignOff Button") started  	[MsgId: MMSG-26355]
Action.c(396): t=7078193ms: 327-byte response headers for "http://localhost:1080/cgi-bin/welcome.pl?signOff=1" (RelFrameId=1, Internal ID=610)
Action.c(396):     HTTP/1.1 200 OK\r\n
Action.c(396):     Date: Fri, 25 Sep 2020 18:58:21 GMT\r\n
Action.c(396):     Server: Apache/2.2.21 (Win32)\r\n
Action.c(396):     Set-Cookie: MSO=SID&1601060301; path=/\r\n
Action.c(396):     Set-Cookie: MTUserInfo=; path=/; expires=Thu, 24-Sep-2020 18:58:21 GMT\r\n
Action.c(396):     Keep-Alive: timeout=5, max=86\r\n
Action.c(396):     Connection: Keep-Alive\r\n
Action.c(396):     Transfer-Encoding: chunked\r\n
Action.c(396):     Content-Type: text/html; charset=ISO-8859-1\r\n
Action.c(396):     \r\n
Action.c(396): t=7078194ms: 5-byte chunked response overhead for "http://localhost:1080/cgi-bin/welcome.pl?signOff=1" (RelFrameId=1, Internal ID=610)
Action.c(396):     2ae\r\n
Action.c(396): t=7078194ms: 2-byte chunked response overhead for "http://localhost:1080/cgi-bin/welcome.pl?signOff=1" (RelFrameId=1, Internal ID=610)
Action.c(396):     \r\n
Action.c(396): t=7078194ms: 686-byte chunked response body for "http://localhost:1080/cgi-bin/welcome.pl?signOff=1" (RelFrameId=1, Internal ID=610)
Action.c(396):     <!-- \n
Action.c(396):      A Session ID has been created and loaded into a cookie called MSO.\n
Action.c(396):      Also, the server options have been loaded into the cookie called\n
Action.c(396):      MSO as well.  The server options can be set via the Admin page.\n
Action.c(396):      --->\n
Action.c(396):     \n
Action.c(396):     <html>\n
Action.c(396):     <title>Web Tours</title>\n
Action.c(396):        <!-- Frame Set -->\n
Action.c(396):        <frameset cols="160,*" border="1" frameborder="1">\n
Action.c(396):           <!-- Navigation Frame -->\n
Action.c(396):           <frame src="nav.pl?in=home" name="navbar" marginheight="2" marginwidth="2" \n
Action.c(396):                 noresize="noresize" scrolling="auto"/>\n
Action.c(396):           <!-- Home Frame -->\n
Action.c(396):           <frame src="/WebTours/home.html" name="info" marginheight="2" marginwidth="2" \n
Action.c(396):                 noresize="noresize" scrolling="auto"/>\n
Action.c(396):        </frameset>\n
Action.c(396):     </html>\n
Action.c(396):     \n
Action.c(396):     </body>\n
Action.c(396):     </html>
Action.c(396): Detected non-resource "http://localhost:1080/cgi-bin/nav.pl?in=home" in "http://localhost:1080/cgi-bin/welcome.pl?signOff=1"  	[MsgId: MMSG-26574]
Action.c(396): Detected non-resource "http://localhost:1080/WebTours/home.html" in "http://localhost:1080/cgi-bin/welcome.pl?signOff=1"  	[MsgId: MMSG-26574]
Action.c(396): Retrieving data from cache for "http://localhost:1080/WebTours/home.html"  	[MsgId: MMSG-26558]
Action.c(396): t=7078197ms: 1361-byte response body retrieved from cache for "http://localhost:1080/WebTours/home.html" (RelFrameId=1.2, Internal ID=612)
Action.c(396):     <HTML>\n
Action.c(396):     <HEAD>\n
Action.c(396):     \t<title>Web Tours</title>\n
Action.c(396):     </HEAD>\n
Action.c(396):     <style>\n
Action.c(396):     \tblockquote {font-family: tahoma; font-size : 10pt}\n
Action.c(396):     \tH1 {font-family: tahoma; font-size : 22pt; color: #003366}\n
Action.c(396):     \tsmall {font-family: tahoma; font-size : 8pt}\n
Action.c(396):     \tH3{font-family: tahoma; font-size : 10pt; color: black}\n
Action.c(396):     \tA {FONT-WEIGHT: bold; FONT-SIZE: 10pt; COLOR: black; FONT-FAMILY: Tahoma; TEXT-DECORATIO
Action.c(396):     N: none}\n
Action.c(396):     \tA:hover{ FONT-WEIGHT: bold; FONT-SIZE: 10pt; COLOR: #993333; FONT-FAMILY: Tahoma;TEXT-DE
Action.c(396):     CORATION: underline}\n
Action.c(396):     \tTD {font-family: tahoma; font-size : 10pt; color: black}\n
Action.c(396):     </style>\n
Action.c(396):     <body bgcolor="#e0e7f1">\n
Action.c(396):     <BR/>\n
Action.c(396):     <BR/>\n
Action.c(396):     <BR/>\n
Action.c(396):     <br/>\n
Action.c(396):     <table border="0">\n
Action.c(396):     <tr><td></td></tr>\n
Action.c(396):     <TR><TD></TD></TR>\n
Action.c(396):     <TR><TD>\n
Action.c(396):     <blockquote>\n
Action.c(396):     <H1><b>Web Tours</b></H1>\n
Action.c(396):     Welcome to the Web Tours site.\n
Action.c(396):     <br/>\n
Action.c(396):     To make reservations,please enter your account information to the left.\n
Action.c(396):     <br/>\n
Action.c(396):     If you haven't registered yet, <A href="/cgi-bin/login.pl?username=&amp;password=&amp;getI
Action.c(396):     nfo=true" ><B>sign up now</B></A> to get access to all our resources.\n
Action.c(396):     <br/>\n
Action.c(396):     To configure the server options, use <A href="/cgi-bin/admin.pl" target="body" ><b>adminis
Action.c(396):     tration</b></A> link.\n
Action.c(396):     <br/><br/><br/><br/><br/><br/>\n
Action.c(396):     <br/><small>\n
Action.c(396):     This product uses parts of the SMT Kernel, Copyright (c) 1991-99 <A href="http://www.imati
Action.c(396):     x.com" target="new"><B><small>iMatix Corporation</small></B></A> \n
Action.c(396):     </small>\n
Action.c(396):     </blockquote></TD>\n
Action.c(396):     <TD></TD></TR>\n
Action.c(396):     </table>\n
Action.c(396):     </body>\n
Action.c(396):     </HTML>\n
Action.c(396): t=7078202ms: 5-byte chunked response overhead for "http://localhost:1080/cgi-bin/welcome.pl?signOff=1" (RelFrameId=1, Internal ID=610)
Action.c(396):     0\r\n
Action.c(396):     \r\n
Action.c(396): t=7078302ms: 255-byte response headers for "http://localhost:1080/cgi-bin/nav.pl?in=home" (RelFrameId=1.1, Internal ID=611)
Action.c(396):     HTTP/1.1 200 OK\r\n
Action.c(396):     Date: Fri, 25 Sep 2020 18:58:21 GMT\r\n
Action.c(396):     Server: Apache/2.2.21 (Win32)\r\n
Action.c(396):     Expires: Thu, 24 Sep 2020 18:58:21 GMT\r\n
Action.c(396):     Keep-Alive: timeout=5, max=97\r\n
Action.c(396):     Connection: Keep-Alive\r\n
Action.c(396):     Transfer-Encoding: chunked\r\n
Action.c(396):     Content-Type: text/html; charset=ISO-8859-1\r\n
Action.c(396):     \r\n
Action.c(396): t=7078303ms: 5-byte chunked response overhead for "http://localhost:1080/cgi-bin/nav.pl?in=home" (RelFrameId=1.1, Internal ID=611)
Action.c(396):     5ce\r\n
Action.c(396): t=7078303ms: 2-byte chunked response overhead for "http://localhost:1080/cgi-bin/nav.pl?in=home" (RelFrameId=1.1, Internal ID=611)
Action.c(396):     \r\n
Action.c(396): t=7078303ms: 1486-byte chunked response body for "http://localhost:1080/cgi-bin/nav.pl?in=home" (RelFrameId=1.1, Internal ID=611)
Action.c(396):     <!DOCTYPE html\n
Action.c(396):     \tPUBLIC "-//W3C//DTD XHTML 1.0 Transitional//EN"\n
Action.c(396):     \t "http://www.w3.org/TR/xhtml1/DTD/xhtml1-transitional.dtd">\n
Action.c(396):     <html xmlns="http://www.w3.org/1999/xhtml" lang="en-US" xml:lang="en-US">\n
Action.c(396):     <head>\n
Action.c(396):     <title>Web Tours Navigation Bar</title>\n
Action.c(396):     <meta http-equiv="Content-Type" content="text/html; charset=iso-8859-1" />\n
Action.c(396):     </head>\n
Action.c(396):     <body bgcolor="#E0E7F1">\n
Action.c(396):     <style>\n
Action.c(396):     blockquote {font-family: tahoma; font-size : 10pt}\n
Action.c(396):     H1 {font-family: tahoma; font-size : 22pt; color: #993333}\n
Action.c(396):     H3 {font-family: tahoma; font-size : 10pt; color: black}\n
Action.c(396):     small {font-family: tahoma; font-size : 8pt}\n
Action.c(396):     </style>\n
Action.c(396):     <form method="post" action="/cgi-bin/login.pl" target="body">\n
Action.c(396):     <input type="hidden" name="userSession" value="129693.017496962zzHVAitpfiHftAAczpfAHfcf"/>
Action.c(396):     \n
Action.c(396):     <table border="0"><tr><td>&nbsp;</td>\n
Action.c(396):     <td>&nbsp;</td></tr>\n
Action.c(396):     <tr><td>&nbsp;</td>\n
Action.c(396):     <td>&nbsp;</td></tr>\n
Action.c(396):     <tr><td>&nbsp;</td>\n
Action.c(396):     <td><small>&nbsp;Username</small></td></tr>\n
Action.c(396):     <tr><td>&nbsp;</td>\n
Action.c(396):     <td><input type="text" name="username" value="" size="14" maxlength="14"/></td></tr>\n
Action.c(396):     <tr><td>&nbsp;</td>\n
Action.c(396):     <td><small>&nbsp;Password</small></td>\n
Action.c(396):     <tr><td>&nbsp;</td>\n
Action.c(396):     <td><input type="password" name="password" value="" size="14" maxlength="14"/></td></tr>\n
Action.c(396):     <tr><td>&nbsp;</td>\n
Action.c(396):     <td>&nbsp;</td></tr>\n
Action.c(396):     <tr><td>&nbsp;</td>\n
Action.c(396):     <td><input type="image" name="login" value="Login" alt="Login" border="1" \n
Action.c(396):     src="/WebTours/images/mer_login.gif"/></td></tr>\n
Action.c(396):     <tr><td>&nbsp;</td><td>&nbsp;</td></tr>\n
Action.c(396):     </table><input type="hidden" name="JSFormSubmit" value="off"/>\n
Action.c(396):     </form>\n
Action.c(396):     \n
Action.c(396):     </body>\n
Action.c(396):     </html>\n
Action.c(396): Resource "http://localhost:1080/WebTours/images/mer_login.gif" is in the cache already and will not be downloaded again  	[MsgId: MMSG-26655]
Action.c(396): t=7078308ms: 5-byte chunked response overhead for "http://localhost:1080/cgi-bin/nav.pl?in=home" (RelFrameId=1.1, Internal ID=611)
Action.c(396):     0\r\n
Action.c(396):     \r\n
Action.c(396): Registered web_reg_find successful for "Text=A Session ID has been created and loaded into a cookie called MSO" (count=1)  	[MsgId: MMSG-26364]
Action.c(396): web_url("SignOff Button") was successful, 2172 body bytes, 582 header bytes, 24 chunking overhead bytes  	[MsgId: MMSG-26385]
Action.c(406): Notify: Transaction "logout" ended with a "Pass" status (Duration: 5,2207 Think Time: 5,0017 Wasted Time: 0,0000).	[MsgId: MMSG-16870]
Action.c(408): Notify: Transaction "01_buy_ticket_and_view_itinerary" ended with a "Pass" status (Duration: 36,9042 Think Time: 35,0397 Wasted Time: 0,0022).	[MsgId: MMSG-16870]
Ending action Action.	[MsgId: MMSG-15918]
Action was aborted.	[MsgId: MMSG-10694]
Ending Vuser...	[MsgId: MMSG-15966]
Starting action vuser_end.	[MsgId: MMSG-15919]
Ending action vuser_end.	[MsgId: MMSG-15918]
Vuser Terminated.	[MsgId: MMSG-15963]
Vuser 4 (thread 7804), ended OK."	[MsgId: MMSG-10695]
